<?xml version="1.0" encoding="UTF-8" standalone="yes"?>
<coverage files="24" line-rate="0.75" lines-covered="983" lines-valid="1307" branch-rate="0">
    <sources>
        <source>/var/lib/jenkins/workspace/UT_ExpertChat_Coverage/target/jscoverage/sources</source>
        <source>--source</source>
    </sources>
    <classes>
        <class name="/controller/BaseController.js" filename="/controller/BaseController.js" line-rate="0.5538462" lines-covered="36" lines-valid="65" branch-rate="0">
            <lines>
                <line branch="false" number="2" hits="1"/>
                <line branch="false" number="14" hits="1"/>
                <line branch="false" number="16" hits="1"/>
                <line branch="false" number="17" hits="1"/>
                <line branch="false" number="20" hits="0"/>
                <line branch="false" number="21" hits="0"/>
                <line branch="false" number="23" hits="0"/>
                <line branch="false" number="24" hits="0"/>
                <line branch="false" number="31" hits="0"/>
                <line branch="false" number="40" hits="0"/>
                <line branch="false" number="49" hits="0"/>
                <line branch="false" number="54" hits="3"/>
                <line branch="false" number="56" hits="3"/>
                <line branch="false" number="57" hits="3"/>
                <line branch="false" number="58" hits="3"/>
                <line branch="false" number="62" hits="3"/>
                <line branch="false" number="66" hits="3"/>
                <line branch="false" number="74" hits="23"/>
                <line branch="false" number="75" hits="3"/>
                <line branch="false" number="76" hits="3"/>
                <line branch="false" number="79" hits="23"/>
                <line branch="false" number="93" hits="2"/>
                <line branch="false" number="97" hits="2"/>
                <line branch="false" number="98" hits="1"/>
                <line branch="false" number="100" hits="1"/>
                <line branch="false" number="101" hits="1"/>
                <line branch="false" number="102" hits="1"/>
                <line branch="false" number="105" hits="1"/>
                <line branch="false" number="115" hits="6"/>
                <line branch="false" number="117" hits="6"/>
                <line branch="false" number="118" hits="6"/>
                <line branch="false" number="130" hits="2"/>
                <line branch="false" number="132" hits="2"/>
                <line branch="false" number="137" hits="0"/>
                <line branch="false" number="141" hits="0"/>
                <line branch="false" number="142" hits="0"/>
                <line branch="false" number="145" hits="0"/>
                <line branch="false" number="149" hits="0"/>
                <line branch="false" number="159" hits="15"/>
                <line branch="false" number="172" hits="1"/>
                <line branch="false" number="181" hits="10"/>
                <line branch="false" number="192" hits="11"/>
                <line branch="false" number="194" hits="11"/>
                <line branch="false" number="203" hits="0"/>
                <line branch="false" number="204" hits="0"/>
                <line branch="false" number="205" hits="0"/>
                <line branch="false" number="207" hits="0"/>
                <line branch="false" number="217" hits="0"/>
                <line branch="false" number="218" hits="0"/>
                <line branch="false" number="219" hits="0"/>
                <line branch="false" number="221" hits="0"/>
                <line branch="false" number="222" hits="0"/>
                <line branch="false" number="224" hits="0"/>
                <line branch="false" number="228" hits="0"/>
                <line branch="false" number="229" hits="0"/>
                <line branch="false" number="230" hits="0"/>
                <line branch="false" number="232" hits="0"/>
                <line branch="false" number="254" hits="2"/>
                <line branch="false" number="260" hits="2"/>
                <line branch="false" number="261" hits="1"/>
                <line branch="false" number="264" hits="1"/>
                <line branch="false" number="266" hits="2"/>
                <line branch="false" number="271" hits="0"/>
                <line branch="false" number="272" hits="0"/>
                <line branch="false" number="275" hits="0"/>
            </lines>
        </class>
        <class name="/controller/BookCreation.controller.js" filename="/controller/BookCreation.controller.js" line-rate="0.59322035" lines-covered="35" lines-valid="59" branch-rate="0">
            <lines>
                <line branch="false" number="1" hits="1"/>
                <line branch="false" number="22" hits="1"/>
                <line branch="false" number="24" hits="1"/>
                <line branch="false" number="25" hits="1"/>
                <line branch="false" number="40" hits="0"/>
                <line branch="false" number="44" hits="0"/>
                <line branch="false" number="48" hits="0"/>
                <line branch="false" number="62" hits="0"/>
                <line branch="false" number="66" hits="0"/>
                <line branch="false" number="67" hits="0"/>
                <line branch="false" number="71" hits="0"/>
                <line branch="false" number="89" hits="0"/>
                <line branch="false" number="90" hits="0"/>
                <line branch="false" number="91" hits="0"/>
                <line branch="false" number="102" hits="2"/>
                <line branch="false" number="104" hits="2"/>
                <line branch="false" number="105" hits="1"/>
                <line branch="false" number="106" hits="1"/>
                <line branch="false" number="107" hits="1"/>
                <line branch="false" number="108" hits="1"/>
                <line branch="false" number="111" hits="1"/>
                <line branch="false" number="124" hits="1"/>
                <line branch="false" number="125" hits="1"/>
                <line branch="false" number="127" hits="1"/>
                <line branch="false" number="130" hits="1"/>
                <line branch="false" number="131" hits="0"/>
                <line branch="false" number="137" hits="1"/>
                <line branch="false" number="138" hits="1"/>
                <line branch="false" number="140" hits="1"/>
                <line branch="false" number="143" hits="1"/>
                <line branch="false" number="144" hits="1"/>
                <line branch="false" number="147" hits="1"/>
                <line branch="false" number="148" hits="0"/>
                <line branch="false" number="149" hits="0"/>
                <line branch="false" number="154" hits="1"/>
                <line branch="false" number="155" hits="1"/>
                <line branch="false" number="156" hits="0"/>
                <line branch="false" number="178" hits="0"/>
                <line branch="false" number="179" hits="0"/>
                <line branch="false" number="183" hits="0"/>
                <line branch="false" number="184" hits="0"/>
                <line branch="false" number="197" hits="0"/>
                <line branch="false" number="207" hits="1"/>
                <line branch="false" number="209" hits="1"/>
                <line branch="false" number="210" hits="1"/>
                <line branch="false" number="211" hits="1"/>
                <line branch="false" number="219" hits="0"/>
                <line branch="false" number="220" hits="0"/>
                <line branch="false" number="224" hits="0"/>
                <line branch="false" number="226" hits="0"/>
                <line branch="false" number="240" hits="1"/>
                <line branch="false" number="241" hits="3"/>
                <line branch="false" number="246" hits="1"/>
                <line branch="false" number="323" hits="1"/>
                <line branch="false" number="327" hits="1"/>
                <line branch="false" number="332" hits="1"/>
                <line branch="false" number="333" hits="1"/>
                <line branch="false" number="339" hits="0"/>
                <line branch="false" number="347" hits="1"/>
            </lines>
        </class>
        <class name="/controller/BookCreation_CategorizeIt.controller.js" filename="/controller/BookCreation_CategorizeIt.controller.js" line-rate="0.66923076" lines-covered="87" lines-valid="130" branch-rate="0">
            <lines>
                <line branch="false" number="1" hits="1"/>
                <line branch="false" number="11" hits="1"/>
                <line branch="false" number="13" hits="1"/>
                <line branch="false" number="21" hits="1"/>
                <line branch="false" number="25" hits="0"/>
                <line branch="false" number="27" hits="0"/>
                <line branch="false" number="28" hits="0"/>
                <line branch="false" number="35" hits="0"/>
                <line branch="false" number="41" hits="0"/>
                <line branch="false" number="45" hits="0"/>
                <line branch="false" number="52" hits="0"/>
                <line branch="false" number="53" hits="0"/>
                <line branch="false" number="54" hits="0"/>
                <line branch="false" number="58" hits="6"/>
                <line branch="false" number="59" hits="6"/>
                <line branch="false" number="60" hits="6"/>
                <line branch="false" number="64" hits="1"/>
                <line branch="false" number="66" hits="1"/>
                <line branch="false" number="67" hits="1"/>
                <line branch="false" number="68" hits="1"/>
                <line branch="false" number="69" hits="1"/>
                <line branch="false" number="74" hits="4"/>
                <line branch="false" number="77" hits="4"/>
                <line branch="false" number="78" hits="4"/>
                <line branch="false" number="84" hits="0"/>
                <line branch="false" number="88" hits="0"/>
                <line branch="false" number="92" hits="6"/>
                <line branch="false" number="95" hits="6"/>
                <line branch="false" number="96" hits="6"/>
                <line branch="false" number="100" hits="4"/>
                <line branch="false" number="109" hits="1"/>
                <line branch="false" number="118" hits="1"/>
                <line branch="false" number="130" hits="2"/>
                <line branch="false" number="131" hits="2"/>
                <line branch="false" number="135" hits="5"/>
                <line branch="false" number="139" hits="6"/>
                <line branch="false" number="143" hits="1"/>
                <line branch="false" number="144" hits="1"/>
                <line branch="false" number="148" hits="3"/>
                <line branch="false" number="152" hits="8"/>
                <line branch="false" number="153" hits="8"/>
                <line branch="false" number="157" hits="7"/>
                <line branch="false" number="158" hits="7"/>
                <line branch="false" number="161" hits="7"/>
                <line branch="false" number="162" hits="7"/>
                <line branch="false" number="164" hits="0"/>
                <line branch="false" number="169" hits="1"/>
                <line branch="false" number="173" hits="6"/>
                <line branch="false" number="177" hits="2"/>
                <line branch="false" number="178" hits="2"/>
                <line branch="false" number="181" hits="2"/>
                <line branch="false" number="186" hits="1"/>
                <line branch="false" number="187" hits="1"/>
                <line branch="false" number="189" hits="1"/>
                <line branch="false" number="190" hits="1"/>
                <line branch="false" number="191" hits="2"/>
                <line branch="false" number="192" hits="1"/>
                <line branch="false" number="193" hits="1"/>
                <line branch="false" number="197" hits="0"/>
                <line branch="false" number="201" hits="1"/>
                <line branch="false" number="202" hits="1"/>
                <line branch="false" number="203" hits="1"/>
                <line branch="false" number="204" hits="1"/>
                <line branch="false" number="210" hits="2"/>
                <line branch="false" number="213" hits="2"/>
                <line branch="false" number="214" hits="2"/>
                <line branch="false" number="215" hits="2"/>
                <line branch="false" number="217" hits="2"/>
                <line branch="false" number="221" hits="1"/>
                <line branch="false" number="222" hits="1"/>
                <line branch="false" number="223" hits="5"/>
                <line branch="false" number="226" hits="1"/>
                <line branch="false" number="227" hits="1"/>
                <line branch="false" number="230" hits="2"/>
                <line branch="false" number="231" hits="2"/>
                <line branch="false" number="235" hits="2"/>
                <line branch="false" number="237" hits="2"/>
                <line branch="false" number="238" hits="2"/>
                <line branch="false" number="240" hits="2"/>
                <line branch="false" number="241" hits="1"/>
                <line branch="false" number="242" hits="5"/>
                <line branch="false" number="245" hits="1"/>
                <line branch="false" number="248" hits="2"/>
                <line branch="false" number="252" hits="1"/>
                <line branch="false" number="253" hits="1"/>
                <line branch="false" number="278" hits="0"/>
                <line branch="false" number="279" hits="0"/>
                <line branch="false" number="280" hits="0"/>
                <line branch="false" number="285" hits="0"/>
                <line branch="false" number="289" hits="0"/>
                <line branch="false" number="296" hits="0"/>
                <line branch="false" number="303" hits="0"/>
                <line branch="false" number="304" hits="0"/>
                <line branch="false" number="305" hits="0"/>
                <line branch="false" number="306" hits="0"/>
                <line branch="false" number="308" hits="0"/>
                <line branch="false" number="312" hits="0"/>
                <line branch="false" number="316" hits="2"/>
                <line branch="false" number="317" hits="2"/>
                <line branch="false" number="321" hits="2"/>
                <line branch="false" number="322" hits="2"/>
                <line branch="false" number="323" hits="2"/>
                <line branch="false" number="326" hits="2"/>
                <line branch="false" number="327" hits="2"/>
                <line branch="false" number="328" hits="2"/>
                <line branch="false" number="329" hits="2"/>
                <line branch="false" number="331" hits="2"/>
                <line branch="false" number="333" hits="6"/>
                <line branch="false" number="334" hits="6"/>
                <line branch="false" number="337" hits="1"/>
                <line branch="false" number="340" hits="2"/>
                <line branch="false" number="344" hits="2"/>
                <line branch="false" number="348" hits="0"/>
                <line branch="false" number="353" hits="0"/>
                <line branch="false" number="359" hits="0"/>
                <line branch="false" number="360" hits="0"/>
                <line branch="false" number="362" hits="0"/>
                <line branch="false" number="366" hits="0"/>
                <line branch="false" number="367" hits="0"/>
                <line branch="false" number="369" hits="0"/>
                <line branch="false" number="370" hits="0"/>
                <line branch="false" number="371" hits="0"/>
                <line branch="false" number="373" hits="0"/>
                <line branch="false" number="375" hits="0"/>
                <line branch="false" number="376" hits="0"/>
                <line branch="false" number="377" hits="0"/>
                <line branch="false" number="378" hits="0"/>
                <line branch="false" number="381" hits="0"/>
                <line branch="false" number="382" hits="0"/>
                <line branch="false" number="386" hits="0"/>
            </lines>
        </class>
        <class name="/controller/BookCreation_Description.controller.js" filename="/controller/BookCreation_Description.controller.js" line-rate="0.63874346" lines-covered="122" lines-valid="191" branch-rate="0">
            <lines>
                <line branch="false" number="1" hits="1"/>
                <line branch="false" number="26" hits="1"/>
                <line branch="false" number="28" hits="1"/>
                <line branch="false" number="32" hits="1"/>
                <line branch="false" number="39" hits="1"/>
                <line branch="false" number="48" hits="0"/>
                <line branch="false" number="49" hits="0"/>
                <line branch="false" number="51" hits="0"/>
                <line branch="false" number="52" hits="0"/>
                <line branch="false" number="54" hits="0"/>
                <line branch="false" number="55" hits="0"/>
                <line branch="false" number="56" hits="0"/>
                <line branch="false" number="58" hits="0"/>
                <line branch="false" number="59" hits="0"/>
                <line branch="false" number="63" hits="0"/>
                <line branch="false" number="77" hits="0"/>
                <line branch="false" number="78" hits="0"/>
                <line branch="false" number="79" hits="0"/>
                <line branch="false" number="88" hits="1"/>
                <line branch="false" number="89" hits="3"/>
                <line branch="false" number="90" hits="3"/>
                <line branch="false" number="98" hits="1"/>
                <line branch="false" number="99" hits="4"/>
                <line branch="false" number="100" hits="4"/>
                <line branch="false" number="105" hits="0"/>
                <line branch="false" number="106" hits="0"/>
                <line branch="false" number="107" hits="0"/>
                <line branch="false" number="108" hits="0"/>
                <line branch="false" number="112" hits="1"/>
                <line branch="false" number="113" hits="1"/>
                <line branch="false" number="114" hits="1"/>
                <line branch="false" number="116" hits="1"/>
                <line branch="false" number="117" hits="0"/>
                <line branch="false" number="118" hits="0"/>
                <line branch="false" number="121" hits="0"/>
                <line branch="false" number="132" hits="2"/>
                <line branch="false" number="133" hits="2"/>
                <line branch="false" number="136" hits="1"/>
                <line branch="false" number="137" hits="0"/>
                <line branch="false" number="138" hits="0"/>
                <line branch="false" number="142" hits="1"/>
                <line branch="false" number="143" hits="1"/>
                <line branch="false" number="148" hits="1"/>
                <line branch="false" number="149" hits="1"/>
                <line branch="false" number="150" hits="1"/>
                <line branch="false" number="152" hits="1"/>
                <line branch="false" number="171" hits="0"/>
                <line branch="false" number="175" hits="0"/>
                <line branch="false" number="179" hits="0"/>
                <line branch="false" number="183" hits="3"/>
                <line branch="false" number="197" hits="0"/>
                <line branch="false" number="201" hits="0"/>
                <line branch="false" number="205" hits="0"/>
                <line branch="false" number="209" hits="0"/>
                <line branch="false" number="213" hits="0"/>
                <line branch="false" number="217" hits="2"/>
                <line branch="false" number="221" hits="5"/>
                <line branch="false" number="225" hits="3"/>
                <line branch="false" number="229" hits="5"/>
                <line branch="false" number="238" hits="7"/>
                <line branch="false" number="243" hits="9"/>
                <line branch="false" number="252" hits="7"/>
                <line branch="false" number="256" hits="9"/>
                <line branch="false" number="266" hits="1"/>
                <line branch="false" number="268" hits="1"/>
                <line branch="false" number="271" hits="0"/>
                <line branch="false" number="272" hits="0"/>
                <line branch="false" number="288" hits="0"/>
                <line branch="false" number="289" hits="0"/>
                <line branch="false" number="290" hits="0"/>
                <line branch="false" number="302" hits="0"/>
                <line branch="false" number="303" hits="0"/>
                <line branch="false" number="312" hits="0"/>
                <line branch="false" number="313" hits="0"/>
                <line branch="false" number="317" hits="0"/>
                <line branch="false" number="318" hits="0"/>
                <line branch="false" number="319" hits="0"/>
                <line branch="false" number="326" hits="0"/>
                <line branch="false" number="329" hits="0"/>
                <line branch="false" number="330" hits="0"/>
                <line branch="false" number="340" hits="3"/>
                <line branch="false" number="342" hits="3"/>
                <line branch="false" number="343" hits="3"/>
                <line branch="false" number="344" hits="3"/>
                <line branch="false" number="345" hits="2"/>
                <line branch="false" number="350" hits="0"/>
                <line branch="false" number="351" hits="0"/>
                <line branch="false" number="352" hits="0"/>
                <line branch="false" number="356" hits="1"/>
                <line branch="false" number="357" hits="1"/>
                <line branch="false" number="358" hits="1"/>
                <line branch="false" number="359" hits="1"/>
                <line branch="false" number="365" hits="1"/>
                <line branch="false" number="366" hits="1"/>
                <line branch="false" number="367" hits="1"/>
                <line branch="false" number="373" hits="0"/>
                <line branch="false" number="381" hits="0"/>
                <line branch="false" number="383" hits="0"/>
                <line branch="false" number="384" hits="0"/>
                <line branch="false" number="385" hits="0"/>
                <line branch="false" number="394" hits="0"/>
                <line branch="false" number="395" hits="0"/>
                <line branch="false" number="396" hits="0"/>
                <line branch="false" number="397" hits="0"/>
                <line branch="false" number="398" hits="0"/>
                <line branch="false" number="399" hits="0"/>
                <line branch="false" number="401" hits="0"/>
                <line branch="false" number="402" hits="0"/>
                <line branch="false" number="412" hits="3"/>
                <line branch="false" number="417" hits="3"/>
                <line branch="false" number="419" hits="3"/>
                <line branch="false" number="420" hits="1"/>
                <line branch="false" number="422" hits="2"/>
                <line branch="false" number="424" hits="2"/>
                <line branch="false" number="425" hits="2"/>
                <line branch="false" number="427" hits="3"/>
                <line branch="false" number="447" hits="2"/>
                <line branch="false" number="452" hits="2"/>
                <line branch="false" number="453" hits="2"/>
                <line branch="false" number="459" hits="2"/>
                <line branch="false" number="460" hits="1"/>
                <line branch="false" number="461" hits="1"/>
                <line branch="false" number="465" hits="1"/>
                <line branch="false" number="470" hits="0"/>
                <line branch="false" number="471" hits="0"/>
                <line branch="false" number="472" hits="0"/>
                <line branch="false" number="476" hits="0"/>
                <line branch="false" number="481" hits="3"/>
                <line branch="false" number="482" hits="3"/>
                <line branch="false" number="484" hits="1"/>
                <line branch="false" number="485" hits="1"/>
                <line branch="false" number="486" hits="1"/>
                <line branch="false" number="488" hits="1"/>
                <line branch="false" number="489" hits="1"/>
                <line branch="false" number="490" hits="1"/>
                <line branch="false" number="492" hits="1"/>
                <line branch="false" number="493" hits="1"/>
                <line branch="false" number="498" hits="5"/>
                <line branch="false" number="499" hits="5"/>
                <line branch="false" number="500" hits="5"/>
                <line branch="false" number="501" hits="5"/>
                <line branch="false" number="502" hits="15"/>
                <line branch="false" number="503" hits="2"/>
                <line branch="false" number="504" hits="2"/>
                <line branch="false" number="506" hits="13"/>
                <line branch="false" number="507" hits="2"/>
                <line branch="false" number="508" hits="2"/>
                <line branch="false" number="511" hits="5"/>
                <line branch="false" number="512" hits="2"/>
                <line branch="false" number="513" hits="3"/>
                <line branch="false" number="514" hits="2"/>
                <line branch="false" number="516" hits="1"/>
                <line branch="false" number="521" hits="3"/>
                <line branch="false" number="522" hits="3"/>
                <line branch="false" number="524" hits="3"/>
                <line branch="false" number="526" hits="1"/>
                <line branch="false" number="527" hits="1"/>
                <line branch="false" number="528" hits="1"/>
                <line branch="false" number="530" hits="1"/>
                <line branch="false" number="531" hits="0"/>
                <line branch="false" number="532" hits="0"/>
                <line branch="false" number="535" hits="0"/>
                <line branch="false" number="537" hits="1"/>
                <line branch="false" number="539" hits="1"/>
                <line branch="false" number="540" hits="1"/>
                <line branch="false" number="541" hits="1"/>
                <line branch="false" number="542" hits="1"/>
                <line branch="false" number="545" hits="1"/>
                <line branch="false" number="546" hits="1"/>
                <line branch="false" number="547" hits="1"/>
                <line branch="false" number="548" hits="1"/>
                <line branch="false" number="550" hits="0"/>
                <line branch="false" number="553" hits="3"/>
                <line branch="false" number="556" hits="3"/>
                <line branch="false" number="560" hits="7"/>
                <line branch="false" number="561" hits="7"/>
                <line branch="false" number="562" hits="7"/>
                <line branch="false" number="563" hits="7"/>
                <line branch="false" number="567" hits="1"/>
                <line branch="false" number="568" hits="1"/>
                <line branch="false" number="569" hits="1"/>
                <line branch="false" number="570" hits="1"/>
                <line branch="false" number="589" hits="1"/>
                <line branch="false" number="596" hits="1"/>
                <line branch="false" number="598" hits="1"/>
                <line branch="false" number="610" hits="1"/>
                <line branch="false" number="617" hits="1"/>
                <line branch="false" number="630" hits="4"/>
                <line branch="false" number="631" hits="4"/>
                <line branch="false" number="632" hits="4"/>
                <line branch="false" number="633" hits="4"/>
            </lines>
        </class>
        <class name="/controller/BookCreation_ExpertArea.controller.js" filename="/controller/BookCreation_ExpertArea.controller.js" line-rate="0.5987261" lines-covered="94" lines-valid="157" branch-rate="0">
            <lines>
                <line branch="false" number="1" hits="1"/>
                <line branch="false" number="11" hits="1"/>
                <line branch="false" number="13" hits="1"/>
                <line branch="false" number="18" hits="1"/>
                <line branch="false" number="25" hits="1"/>
                <line branch="false" number="29" hits="0"/>
                <line branch="false" number="30" hits="0"/>
                <line branch="false" number="42" hits="0"/>
                <line branch="false" number="49" hits="0"/>
                <line branch="false" number="56" hits="0"/>
                <line branch="false" number="57" hits="0"/>
                <line branch="false" number="58" hits="0"/>
                <line branch="false" number="60" hits="0"/>
                <line branch="false" number="61" hits="0"/>
                <line branch="false" number="71" hits="0"/>
                <line branch="false" number="72" hits="0"/>
                <line branch="false" number="81" hits="1"/>
                <line branch="false" number="82" hits="1"/>
                <line branch="false" number="83" hits="1"/>
                <line branch="false" number="84" hits="1"/>
                <line branch="false" number="85" hits="1"/>
                <line branch="false" number="101" hits="0"/>
                <line branch="false" number="105" hits="0"/>
                <line branch="false" number="106" hits="0"/>
                <line branch="false" number="107" hits="0"/>
                <line branch="false" number="109" hits="0"/>
                <line branch="false" number="116" hits="2"/>
                <line branch="false" number="117" hits="2"/>
                <line branch="false" number="121" hits="3"/>
                <line branch="false" number="122" hits="3"/>
                <line branch="false" number="126" hits="3"/>
                <line branch="false" number="127" hits="3"/>
                <line branch="false" number="131" hits="0"/>
                <line branch="false" number="135" hits="1"/>
                <line branch="false" number="136" hits="1"/>
                <line branch="false" number="141" hits="0"/>
                <line branch="false" number="145" hits="1"/>
                <line branch="false" number="146" hits="1"/>
                <line branch="false" number="152" hits="0"/>
                <line branch="false" number="156" hits="1"/>
                <line branch="false" number="158" hits="1"/>
                <line branch="false" number="159" hits="1"/>
                <line branch="false" number="160" hits="1"/>
                <line branch="false" number="167" hits="1"/>
                <line branch="false" number="168" hits="1"/>
                <line branch="false" number="169" hits="1"/>
                <line branch="false" number="172" hits="1"/>
                <line branch="false" number="176" hits="1"/>
                <line branch="false" number="179" hits="1"/>
                <line branch="false" number="180" hits="1"/>
                <line branch="false" number="188" hits="1"/>
                <line branch="false" number="192" hits="1"/>
                <line branch="false" number="194" hits="1"/>
                <line branch="false" number="196" hits="1"/>
                <line branch="false" number="197" hits="1"/>
                <line branch="false" number="200" hits="1"/>
                <line branch="false" number="204" hits="1"/>
                <line branch="false" number="206" hits="1"/>
                <line branch="false" number="207" hits="1"/>
                <line branch="false" number="210" hits="1"/>
                <line branch="false" number="214" hits="0"/>
                <line branch="false" number="215" hits="0"/>
                <line branch="false" number="217" hits="0"/>
                <line branch="false" number="218" hits="0"/>
                <line branch="false" number="222" hits="0"/>
                <line branch="false" number="227" hits="2"/>
                <line branch="false" number="232" hits="2"/>
                <line branch="false" number="236" hits="4"/>
                <line branch="false" number="237" hits="4"/>
                <line branch="false" number="239" hits="1"/>
                <line branch="false" number="240" hits="1"/>
                <line branch="false" number="241" hits="1"/>
                <line branch="false" number="243" hits="1"/>
                <line branch="false" number="244" hits="1"/>
                <line branch="false" number="245" hits="1"/>
                <line branch="false" number="247" hits="1"/>
                <line branch="false" number="248" hits="1"/>
                <line branch="false" number="249" hits="1"/>
                <line branch="false" number="251" hits="1"/>
                <line branch="false" number="252" hits="1"/>
                <line branch="false" number="257" hits="6"/>
                <line branch="false" number="261" hits="6"/>
                <line branch="false" number="265" hits="4"/>
                <line branch="false" number="270" hits="3"/>
                <line branch="false" number="271" hits="3"/>
                <line branch="false" number="273" hits="3"/>
                <line branch="false" number="275" hits="1"/>
                <line branch="false" number="276" hits="1"/>
                <line branch="false" number="277" hits="1"/>
                <line branch="false" number="279" hits="1"/>
                <line branch="false" number="280" hits="1"/>
                <line branch="false" number="282" hits="1"/>
                <line branch="false" number="283" hits="1"/>
                <line branch="false" number="285" hits="1"/>
                <line branch="false" number="286" hits="0"/>
                <line branch="false" number="287" hits="0"/>
                <line branch="false" number="289" hits="1"/>
                <line branch="false" number="291" hits="0"/>
                <line branch="false" number="296" hits="1"/>
                <line branch="false" number="300" hits="1"/>
                <line branch="false" number="301" hits="1"/>
                <line branch="false" number="305" hits="8"/>
                <line branch="false" number="307" hits="8"/>
                <line branch="false" number="311" hits="1"/>
                <line branch="false" number="312" hits="1"/>
                <line branch="false" number="341" hits="1"/>
                <line branch="false" number="342" hits="0"/>
                <line branch="false" number="345" hits="1"/>
                <line branch="false" number="346" hits="0"/>
                <line branch="false" number="347" hits="0"/>
                <line branch="false" number="348" hits="0"/>
                <line branch="false" number="349" hits="0"/>
                <line branch="false" number="354" hits="0"/>
                <line branch="false" number="356" hits="0"/>
                <line branch="false" number="361" hits="0"/>
                <line branch="false" number="375" hits="0"/>
                <line branch="false" number="379" hits="0"/>
                <line branch="false" number="383" hits="0"/>
                <line branch="false" number="385" hits="0"/>
                <line branch="false" number="388" hits="0"/>
                <line branch="false" number="389" hits="0"/>
                <line branch="false" number="390" hits="0"/>
                <line branch="false" number="392" hits="0"/>
                <line branch="false" number="393" hits="0"/>
                <line branch="false" number="395" hits="0"/>
                <line branch="false" number="396" hits="0"/>
                <line branch="false" number="402" hits="0"/>
                <line branch="false" number="403" hits="0"/>
                <line branch="false" number="407" hits="0"/>
                <line branch="false" number="415" hits="1"/>
                <line branch="false" number="416" hits="1"/>
                <line branch="false" number="417" hits="1"/>
                <line branch="false" number="422" hits="2"/>
                <line branch="false" number="423" hits="1"/>
                <line branch="false" number="425" hits="1"/>
                <line branch="false" number="426" hits="1"/>
                <line branch="false" number="431" hits="1"/>
                <line branch="false" number="432" hits="1"/>
                <line branch="false" number="434" hits="1"/>
                <line branch="false" number="438" hits="1"/>
                <line branch="false" number="439" hits="1"/>
                <line branch="false" number="441" hits="1"/>
                <line branch="false" number="445" hits="1"/>
                <line branch="false" number="449" hits="0"/>
                <line branch="false" number="450" hits="0"/>
                <line branch="false" number="451" hits="0"/>
                <line branch="false" number="452" hits="0"/>
                <line branch="false" number="453" hits="0"/>
                <line branch="false" number="457" hits="0"/>
                <line branch="false" number="461" hits="0"/>
                <line branch="false" number="462" hits="0"/>
                <line branch="false" number="463" hits="0"/>
                <line branch="false" number="464" hits="0"/>
                <line branch="false" number="465" hits="0"/>
                <line branch="false" number="469" hits="0"/>
                <line branch="false" number="470" hits="0"/>
                <line branch="false" number="474" hits="0"/>
            </lines>
        </class>
        <class name="/model/ChatInfo.js" filename="/model/ChatInfo.js" line-rate="0.7741935" lines-covered="24" lines-valid="31" branch-rate="0">
            <lines>
                <line branch="false" number="1" hits="1"/>
                <line branch="false" number="8" hits="1"/>
                <line branch="false" number="10" hits="1"/>
                <line branch="false" number="13" hits="1"/>
                <line branch="false" number="47" hits="1"/>
                <line branch="false" number="48" hits="4"/>
                <line branch="false" number="50" hits="4"/>
                <line branch="false" number="53" hits="1"/>
                <line branch="false" number="54" hits="3"/>
                <line branch="false" number="56" hits="3"/>
                <line branch="false" number="59" hits="1"/>
                <line branch="false" number="60" hits="8"/>
                <line branch="false" number="61" hits="8"/>
                <line branch="false" number="63" hits="0"/>
                <line branch="false" number="67" hits="1"/>
                <line branch="false" number="68" hits="11"/>
                <line branch="false" number="69" hits="11"/>
                <line branch="false" number="71" hits="0"/>
                <line branch="false" number="75" hits="1"/>
                <line branch="false" number="76" hits="4"/>
                <line branch="false" number="77" hits="4"/>
                <line branch="false" number="79" hits="0"/>
                <line branch="false" number="83" hits="1"/>
                <line branch="false" number="84" hits="0"/>
                <line branch="false" number="91" hits="1"/>
                <line branch="false" number="92" hits="0"/>
                <line branch="false" number="101" hits="1"/>
                <line branch="false" number="102" hits="0"/>
                <line branch="false" number="110" hits="1"/>
                <line branch="false" number="111" hits="0"/>
                <line branch="false" number="123" hits="1"/>
            </lines>
        </class>
        <class name="/model/ErrorHandler.js" filename="/model/ErrorHandler.js" line-rate="0.9480519" lines-covered="73" lines-valid="77" branch-rate="0">
            <lines>
                <line branch="false" number="1" hits="1"/>
                <line branch="false" number="7" hits="1"/>
                <line branch="false" number="9" hits="1"/>
                <line branch="false" number="11" hits="1"/>
                <line branch="false" number="15" hits="20"/>
                <line branch="false" number="16" hits="20"/>
                <line branch="false" number="20" hits="9"/>
                <line branch="false" number="24" hits="1"/>
                <line branch="false" number="28" hits="3"/>
                <line branch="false" number="33" hits="3"/>
                <line branch="false" number="37" hits="3"/>
                <line branch="false" number="38" hits="2"/>
                <line branch="false" number="39" hits="2"/>
                <line branch="false" number="42" hits="1"/>
                <line branch="false" number="47" hits="1"/>
                <line branch="false" number="48" hits="1"/>
                <line branch="false" number="57" hits="1"/>
                <line branch="false" number="58" hits="0"/>
                <line branch="false" number="60" hits="1"/>
                <line branch="false" number="61" hits="1"/>
                <line branch="false" number="65" hits="1"/>
                <line branch="false" number="69" hits="1"/>
                <line branch="false" number="73" hits="0"/>
                <line branch="false" number="77" hits="2"/>
                <line branch="false" number="78" hits="2"/>
                <line branch="false" number="80" hits="1"/>
                <line branch="false" number="81" hits="1"/>
                <line branch="false" number="82" hits="1"/>
                <line branch="false" number="83" hits="1"/>
                <line branch="false" number="84" hits="1"/>
                <line branch="false" number="85" hits="0"/>
                <line branch="false" number="88" hits="1"/>
                <line branch="false" number="90" hits="1"/>
                <line branch="false" number="91" hits="1"/>
                <line branch="false" number="92" hits="1"/>
                <line branch="false" number="97" hits="1"/>
                <line branch="false" number="98" hits="0"/>
                <line branch="false" number="100" hits="1"/>
                <line branch="false" number="101" hits="1"/>
                <line branch="false" number="102" hits="1"/>
                <line branch="false" number="113" hits="6"/>
                <line branch="false" number="114" hits="6"/>
                <line branch="false" number="115" hits="5"/>
                <line branch="false" number="116" hits="5"/>
                <line branch="false" number="117" hits="5"/>
                <line branch="false" number="121" hits="4"/>
                <line branch="false" number="122" hits="4"/>
                <line branch="false" number="123" hits="3"/>
                <line branch="false" number="125" hits="1"/>
                <line branch="false" number="126" hits="1"/>
                <line branch="false" number="131" hits="4"/>
                <line branch="false" number="132" hits="4"/>
                <line branch="false" number="133" hits="3"/>
                <line branch="false" number="135" hits="1"/>
                <line branch="false" number="136" hits="1"/>
                <line branch="false" number="149" hits="4"/>
                <line branch="false" number="153" hits="4"/>
                <line branch="false" number="154" hits="4"/>
                <line branch="false" number="155" hits="4"/>
                <line branch="false" number="156" hits="2"/>
                <line branch="false" number="157" hits="1"/>
                <line branch="false" number="158" hits="1"/>
                <line branch="false" number="159" hits="1"/>
                <line branch="false" number="160" hits="1"/>
                <line branch="false" number="161" hits="1"/>
                <line branch="false" number="162" hits="1"/>
                <line branch="false" number="163" hits="1"/>
                <line branch="false" number="164" hits="1"/>
                <line branch="false" number="165" hits="1"/>
                <line branch="false" number="167" hits="2"/>
                <line branch="false" number="170" hits="2"/>
                <line branch="false" number="172" hits="2"/>
                <line branch="false" number="173" hits="2"/>
                <line branch="false" number="174" hits="2"/>
                <line branch="false" number="175" hits="2"/>
                <line branch="false" number="180" hits="1"/>
                <line branch="false" number="185" hits="1"/>
            </lines>
        </class>
        <class name="/model/ModelBridge.js" filename="/model/ModelBridge.js" line-rate="0.9868421" lines-covered="75" lines-valid="76" branch-rate="0">
            <lines>
                <line branch="false" number="1" hits="1"/>
                <line branch="false" number="6" hits="1"/>
                <line branch="false" number="8" hits="1"/>
                <line branch="false" number="25" hits="1"/>
                <line branch="false" number="27" hits="16"/>
                <line branch="false" number="28" hits="16"/>
                <line branch="false" number="29" hits="16"/>
                <line branch="false" number="31" hits="16"/>
                <line branch="false" number="32" hits="16"/>
                <line branch="false" number="43" hits="1"/>
                <line branch="false" number="44" hits="8"/>
                <line branch="false" number="45" hits="8"/>
                <line branch="false" number="48" hits="1"/>
                <line branch="false" number="49" hits="10"/>
                <line branch="false" number="50" hits="1"/>
                <line branch="false" number="53" hits="9"/>
                <line branch="false" number="54" hits="8"/>
                <line branch="false" number="57" hits="9"/>
                <line branch="false" number="60" hits="1"/>
                <line branch="false" number="61" hits="17"/>
                <line branch="false" number="62" hits="9"/>
                <line branch="false" number="66" hits="1"/>
                <line branch="false" number="67" hits="9"/>
                <line branch="false" number="68" hits="9"/>
                <line branch="false" number="69" hits="9"/>
                <line branch="false" number="79" hits="1"/>
                <line branch="false" number="80" hits="7"/>
                <line branch="false" number="81" hits="5"/>
                <line branch="false" number="83" hits="2"/>
                <line branch="false" number="84" hits="2"/>
                <line branch="false" number="85" hits="4"/>
                <line branch="false" number="86" hits="4"/>
                <line branch="false" number="89" hits="2"/>
                <line branch="false" number="101" hits="1"/>
                <line branch="false" number="102" hits="3"/>
                <line branch="false" number="103" hits="1"/>
                <line branch="false" number="105" hits="3"/>
                <line branch="false" number="108" hits="1"/>
                <line branch="false" number="109" hits="7"/>
                <line branch="false" number="117" hits="1"/>
                <line branch="false" number="118" hits="1"/>
                <line branch="false" number="119" hits="1"/>
                <line branch="false" number="123" hits="1"/>
                <line branch="false" number="125" hits="9"/>
                <line branch="false" number="127" hits="9"/>
                <line branch="false" number="128" hits="8"/>
                <line branch="false" number="129" hits="8"/>
                <line branch="false" number="130" hits="8"/>
                <line branch="false" number="134" hits="9"/>
                <line branch="false" number="135" hits="9"/>
                <line branch="false" number="136" hits="9"/>
                <line branch="false" number="137" hits="9"/>
                <line branch="false" number="140" hits="9"/>
                <line branch="false" number="142" hits="9"/>
                <line branch="false" number="144" hits="0"/>
                <line branch="false" number="148" hits="1"/>
                <line branch="false" number="149" hits="9"/>
                <line branch="false" number="160" hits="1"/>
                <line branch="false" number="161" hits="1"/>
                <line branch="false" number="162" hits="1"/>
                <line branch="false" number="164" hits="1"/>
                <line branch="false" number="165" hits="1"/>
                <line branch="false" number="168" hits="1"/>
                <line branch="false" number="179" hits="1"/>
                <line branch="false" number="180" hits="3"/>
                <line branch="false" number="181" hits="3"/>
                <line branch="false" number="183" hits="3"/>
                <line branch="false" number="184" hits="2"/>
                <line branch="false" number="187" hits="3"/>
                <line branch="false" number="190" hits="1"/>
                <line branch="false" number="191" hits="9"/>
                <line branch="false" number="194" hits="1"/>
                <line branch="false" number="195" hits="9"/>
                <line branch="false" number="196" hits="9"/>
                <line branch="false" number="197" hits="9"/>
                <line branch="false" number="200" hits="1"/>
            </lines>
        </class>
        <class name="/model/PromiseWrapper.js" filename="/model/PromiseWrapper.js" line-rate="1.0" lines-covered="36" lines-valid="36" branch-rate="0">
            <lines>
                <line branch="false" number="1" hits="1"/>
                <line branch="false" number="4" hits="1"/>
                <line branch="false" number="6" hits="1"/>
                <line branch="false" number="7" hits="1"/>
                <line branch="false" number="9" hits="57"/>
                <line branch="false" number="13" hits="1"/>
                <line branch="false" number="14" hits="27"/>
                <line branch="false" number="15" hits="27"/>
                <line branch="false" number="16" hits="16"/>
                <line branch="false" number="18" hits="27"/>
                <line branch="false" number="19" hits="5"/>
                <line branch="false" number="21" hits="27"/>
                <line branch="false" number="30" hits="1"/>
                <line branch="false" number="31" hits="18"/>
                <line branch="false" number="32" hits="17"/>
                <line branch="false" number="33" hits="17"/>
                <line branch="false" number="36" hits="1"/>
                <line branch="false" number="46" hits="1"/>
                <line branch="false" number="47" hits="3"/>
                <line branch="false" number="48" hits="3"/>
                <line branch="false" number="49" hits="3"/>
                <line branch="false" number="50" hits="2"/>
                <line branch="false" number="52" hits="1"/>
                <line branch="false" number="65" hits="1"/>
                <line branch="false" number="66" hits="4"/>
                <line branch="false" number="67" hits="4"/>
                <line branch="false" number="68" hits="4"/>
                <line branch="false" number="80" hits="1"/>
                <line branch="false" number="81" hits="2"/>
                <line branch="false" number="82" hits="2"/>
                <line branch="false" number="83" hits="2"/>
                <line branch="false" number="94" hits="1"/>
                <line branch="false" number="95" hits="2"/>
                <line branch="false" number="96" hits="2"/>
                <line branch="false" number="97" hits="2"/>
                <line branch="false" number="102" hits="1"/>
            </lines>
        </class>
        <class name="/model/StorageExchange.js" filename="/model/StorageExchange.js" line-rate="1.0" lines-covered="25" lines-valid="25" branch-rate="0">
            <lines>
                <line branch="false" number="1" hits="1"/>
                <line branch="false" number="4" hits="1"/>
                <line branch="false" number="6" hits="1"/>
                <line branch="false" number="8" hits="1"/>
                <line branch="false" number="11" hits="10"/>
                <line branch="false" number="12" hits="2"/>
                <line branch="false" number="14" hits="8"/>
                <line branch="false" number="19" hits="1"/>
                <line branch="false" number="20" hits="7"/>
                <line branch="false" number="21" hits="7"/>
                <line branch="false" number="24" hits="1"/>
                <line branch="false" number="30" hits="7"/>
                <line branch="false" number="34" hits="1"/>
                <line branch="false" number="35" hits="13"/>
                <line branch="false" number="37" hits="13"/>
                <line branch="false" number="38" hits="12"/>
                <line branch="false" number="40" hits="13"/>
                <line branch="false" number="43" hits="1"/>
                <line branch="false" number="44" hits="5"/>
                <line branch="false" number="45" hits="5"/>
                <line branch="false" number="48" hits="1"/>
                <line branch="false" number="50" hits="1"/>
                <line branch="false" number="54" hits="1"/>
                <line branch="false" number="56" hits="5"/>
                <line branch="false" number="60" hits="1"/>
            </lines>
        </class>
        <class name="/model/formatter.js" filename="/model/formatter.js" line-rate="1.0" lines-covered="41" lines-valid="41" branch-rate="0">
            <lines>
                <line branch="false" number="1" hits="1"/>
                <line branch="false" number="4" hits="1"/>
                <line branch="false" number="14" hits="1"/>
                <line branch="false" number="17" hits="46"/>
                <line branch="false" number="20" hits="46"/>
                <line branch="false" number="21" hits="46"/>
                <line branch="false" number="22" hits="46"/>
                <line branch="false" number="24" hits="46"/>
                <line branch="false" number="37" hits="46"/>
                <line branch="false" number="39" hits="46"/>
                <line branch="false" number="42" hits="1"/>
                <line branch="false" number="47" hits="3"/>
                <line branch="false" number="48" hits="1"/>
                <line branch="false" number="50" hits="2"/>
                <line branch="false" number="56" hits="1"/>
                <line branch="false" number="68" hits="20"/>
                <line branch="false" number="69" hits="20"/>
                <line branch="false" number="79" hits="4"/>
                <line branch="false" number="81" hits="4"/>
                <line branch="false" number="93" hits="4"/>
                <line branch="false" number="97" hits="13"/>
                <line branch="false" number="98" hits="13"/>
                <line branch="false" number="99" hits="13"/>
                <line branch="false" number="101" hits="13"/>
                <line branch="false" number="111" hits="11"/>
                <line branch="false" number="112" hits="8"/>
                <line branch="false" number="114" hits="3"/>
                <line branch="false" number="115" hits="3"/>
                <line branch="false" number="116" hits="3"/>
                <line branch="false" number="117" hits="6"/>
                <line branch="false" number="118" hits="6"/>
                <line branch="false" number="119" hits="2"/>
                <line branch="false" number="120" hits="2"/>
                <line branch="false" number="122" hits="2"/>
                <line branch="false" number="124" hits="4"/>
                <line branch="false" number="125" hits="1"/>
                <line branch="false" number="127" hits="3"/>
                <line branch="false" number="129" hits="3"/>
                <line branch="false" number="141" hits="19"/>
                <line branch="false" number="142" hits="19"/>
                <line branch="false" number="144" hits="19"/>
            </lines>
        </class>
        <class name="/model/models.js" filename="/model/models.js" line-rate="1.0" lines-covered="29" lines-valid="29" branch-rate="0">
            <lines>
                <line branch="false" number="1" hits="1"/>
                <line branch="false" number="13" hits="1"/>
                <line branch="false" number="15" hits="1"/>
                <line branch="false" number="60" hits="1"/>
                <line branch="false" number="63" hits="18"/>
                <line branch="false" number="64" hits="18"/>
                <line branch="false" number="65" hits="18"/>
                <line branch="false" number="68" hits="19"/>
                <line branch="false" number="69" hits="19"/>
                <line branch="false" number="73" hits="19"/>
                <line branch="false" number="74" hits="19"/>
                <line branch="false" number="75" hits="19"/>
                <line branch="false" number="80" hits="18"/>
                <line branch="false" number="81" hits="18"/>
                <line branch="false" number="84" hits="18"/>
                <line branch="false" number="88" hits="18"/>
                <line branch="false" number="89" hits="18"/>
                <line branch="false" number="96" hits="3"/>
                <line branch="false" number="100" hits="3"/>
                <line branch="false" number="103" hits="3"/>
                <line branch="false" number="105" hits="2"/>
                <line branch="false" number="108" hits="3"/>
                <line branch="false" number="110" hits="2"/>
                <line branch="false" number="113" hits="2"/>
                <line branch="false" number="114" hits="1"/>
                <line branch="false" number="117" hits="2"/>
                <line branch="false" number="118" hits="2"/>
                <line branch="false" number="119" hits="2"/>
                <line branch="false" number="122" hits="1"/>
            </lines>
        </class>
        <class name="/model/type/Component.js" filename="/model/type/Component.js" line-rate="1.0" lines-covered="35" lines-valid="35" branch-rate="0">
            <lines>
                <line branch="false" number="1" hits="1"/>
                <line branch="false" number="8" hits="1"/>
                <line branch="false" number="10" hits="1"/>
                <line branch="false" number="13" hits="18"/>
                <line branch="false" number="14" hits="18"/>
                <line branch="false" number="15" hits="18"/>
                <line branch="false" number="24" hits="1"/>
                <line branch="false" number="25" hits="19"/>
                <line branch="false" number="27" hits="4"/>
                <line branch="false" number="28" hits="3"/>
                <line branch="false" number="31" hits="1"/>
                <line branch="false" number="33" hits="13"/>
                <line branch="false" number="34" hits="6"/>
                <line branch="false" number="37" hits="7"/>
                <line branch="false" number="43" hits="2"/>
                <line branch="false" number="47" hits="1"/>
                <line branch="false" number="48" hits="9"/>
                <line branch="false" number="50" hits="1"/>
                <line branch="false" number="51" hits="1"/>
                <line branch="false" number="57" hits="6"/>
                <line branch="false" number="58" hits="2"/>
                <line branch="false" number="61" hits="4"/>
                <line branch="false" number="62" hits="2"/>
                <line branch="false" number="69" hits="2"/>
                <line branch="false" number="71" hits="2"/>
                <line branch="false" number="75" hits="1"/>
                <line branch="false" number="76" hits="4"/>
                <line branch="false" number="79" hits="1"/>
                <line branch="false" number="80" hits="19"/>
                <line branch="false" number="83" hits="1"/>
                <line branch="false" number="84" hits="13"/>
                <line branch="false" number="85" hits="8"/>
                <line branch="false" number="86" hits="5"/>
                <line branch="false" number="87" hits="4"/>
                <line branch="false" number="91" hits="1"/>
            </lines>
        </class>
        <class name="/model/type/ExpertArea.js" filename="/model/type/ExpertArea.js" line-rate="1.0" lines-covered="35" lines-valid="35" branch-rate="0">
            <lines>
                <line branch="false" number="1" hits="1"/>
                <line branch="false" number="8" hits="1"/>
                <line branch="false" number="10" hits="1"/>
                <line branch="false" number="13" hits="18"/>
                <line branch="false" number="14" hits="18"/>
                <line branch="false" number="15" hits="18"/>
                <line branch="false" number="23" hits="1"/>
                <line branch="false" number="24" hits="19"/>
                <line branch="false" number="26" hits="4"/>
                <line branch="false" number="27" hits="3"/>
                <line branch="false" number="30" hits="1"/>
                <line branch="false" number="32" hits="13"/>
                <line branch="false" number="33" hits="6"/>
                <line branch="false" number="36" hits="7"/>
                <line branch="false" number="41" hits="2"/>
                <line branch="false" number="45" hits="1"/>
                <line branch="false" number="46" hits="9"/>
                <line branch="false" number="48" hits="1"/>
                <line branch="false" number="49" hits="1"/>
                <line branch="false" number="54" hits="6"/>
                <line branch="false" number="55" hits="2"/>
                <line branch="false" number="58" hits="4"/>
                <line branch="false" number="59" hits="2"/>
                <line branch="false" number="65" hits="2"/>
                <line branch="false" number="68" hits="2"/>
                <line branch="false" number="72" hits="1"/>
                <line branch="false" number="73" hits="4"/>
                <line branch="false" number="76" hits="1"/>
                <line branch="false" number="77" hits="22"/>
                <line branch="false" number="80" hits="1"/>
                <line branch="false" number="81" hits="16"/>
                <line branch="false" number="82" hits="8"/>
                <line branch="false" number="83" hits="8"/>
                <line branch="false" number="84" hits="5"/>
                <line branch="false" number="88" hits="1"/>
            </lines>
        </class>
        <class name="/model/type/System.js" filename="/model/type/System.js" line-rate="1.0" lines-covered="49" lines-valid="49" branch-rate="0">
            <lines>
                <line branch="false" number="1" hits="1"/>
                <line branch="false" number="8" hits="1"/>
                <line branch="false" number="10" hits="1"/>
                <line branch="false" number="13" hits="23"/>
                <line branch="false" number="14" hits="23"/>
                <line branch="false" number="15" hits="23"/>
                <line branch="false" number="26" hits="1"/>
                <line branch="false" number="27" hits="21"/>
                <line branch="false" number="29" hits="4"/>
                <line branch="false" number="30" hits="3"/>
                <line branch="false" number="33" hits="1"/>
                <line branch="false" number="35" hits="15"/>
                <line branch="false" number="36" hits="6"/>
                <line branch="false" number="39" hits="9"/>
                <line branch="false" number="47" hits="2"/>
                <line branch="false" number="51" hits="1"/>
                <line branch="false" number="52" hits="14"/>
                <line branch="false" number="54" hits="4"/>
                <line branch="false" number="55" hits="3"/>
                <line branch="false" number="58" hits="1"/>
                <line branch="false" number="62" hits="8"/>
                <line branch="false" number="63" hits="2"/>
                <line branch="false" number="66" hits="6"/>
                <line branch="false" number="67" hits="2"/>
                <line branch="false" number="76" hits="4"/>
                <line branch="false" number="77" hits="2"/>
                <line branch="false" number="86" hits="2"/>
                <line branch="false" number="89" hits="2"/>
                <line branch="false" number="93" hits="1"/>
                <line branch="false" number="94" hits="3"/>
                <line branch="false" number="95" hits="1"/>
                <line branch="false" number="97" hits="2"/>
                <line branch="false" number="99" hits="2"/>
                <line branch="false" number="100" hits="1"/>
                <line branch="false" number="103" hits="2"/>
                <line branch="false" number="104" hits="1"/>
                <line branch="false" number="107" hits="2"/>
                <line branch="false" number="110" hits="1"/>
                <line branch="false" number="111" hits="6"/>
                <line branch="false" number="114" hits="1"/>
                <line branch="false" number="115" hits="4"/>
                <line branch="false" number="118" hits="1"/>
                <line branch="false" number="119" hits="18"/>
                <line branch="false" number="122" hits="1"/>
                <line branch="false" number="123" hits="10"/>
                <line branch="false" number="124" hits="7"/>
                <line branch="false" number="125" hits="3"/>
                <line branch="false" number="126" hits="2"/>
                <line branch="false" number="130" hits="1"/>
            </lines>
        </class>
        <class name="/model/util.js" filename="/model/util.js" line-rate="0.8839286" lines-covered="99" lines-valid="112" branch-rate="0">
            <lines>
                <line branch="false" number="1" hits="1"/>
                <line branch="false" number="7" hits="1"/>
                <line branch="false" number="9" hits="1"/>
                <line branch="false" number="10" hits="1"/>
                <line branch="false" number="19" hits="1"/>
                <line branch="false" number="20" hits="18"/>
                <line branch="false" number="21" hits="17"/>
                <line branch="false" number="22" hits="17"/>
                <line branch="false" number="23" hits="17"/>
                <line branch="false" number="24" hits="17"/>
                <line branch="false" number="35" hits="1"/>
                <line branch="false" number="36" hits="18"/>
                <line branch="false" number="37" hits="18"/>
                <line branch="false" number="38" hits="12"/>
                <line branch="false" number="39" hits="12"/>
                <line branch="false" number="42" hits="18"/>
                <line branch="false" number="52" hits="1"/>
                <line branch="false" number="53" hits="25"/>
                <line branch="false" number="63" hits="1"/>
                <line branch="false" number="64" hits="1"/>
                <line branch="false" number="65" hits="1"/>
                <line branch="false" number="66" hits="1"/>
                <line branch="false" number="76" hits="1"/>
                <line branch="false" number="77" hits="4"/>
                <line branch="false" number="78" hits="4"/>
                <line branch="false" number="79" hits="4"/>
                <line branch="false" number="90" hits="1"/>
                <line branch="false" number="91" hits="15"/>
                <line branch="false" number="92" hits="1"/>
                <line branch="false" number="95" hits="14"/>
                <line branch="false" number="96" hits="14"/>
                <line branch="false" number="97" hits="5"/>
                <line branch="false" number="99" hits="9"/>
                <line branch="false" number="102" hits="14"/>
                <line branch="false" number="105" hits="1"/>
                <line branch="false" number="106" hits="9"/>
                <line branch="false" number="108" hits="9"/>
                <line branch="false" number="111" hits="1"/>
                <line branch="false" number="112" hits="7"/>
                <line branch="false" number="114" hits="7"/>
                <line branch="false" number="116" hits="7"/>
                <line branch="false" number="119" hits="1"/>
                <line branch="false" number="120" hits="3"/>
                <line branch="false" number="136" hits="1"/>
                <line branch="false" number="137" hits="9"/>
                <line branch="false" number="138" hits="9"/>
                <line branch="false" number="139" hits="7"/>
                <line branch="false" number="140" hits="22"/>
                <line branch="false" number="142" hits="22"/>
                <line branch="false" number="143" hits="17"/>
                <line branch="false" number="145" hits="22"/>
                <line branch="false" number="147" hits="7"/>
                <line branch="false" number="148" hits="17"/>
                <line branch="false" number="149" hits="17"/>
                <line branch="false" number="154" hits="9"/>
                <line branch="false" number="157" hits="1"/>
                <line branch="false" number="158" hits="6"/>
                <line branch="false" number="159" hits="3"/>
                <line branch="false" number="160" hits="3"/>
                <line branch="false" number="161" hits="10"/>
                <line branch="false" number="162" hits="3"/>
                <line branch="false" number="165" hits="3"/>
                <line branch="false" number="167" hits="3"/>
                <line branch="false" number="182" hits="1"/>
                <line branch="false" number="183" hits="1"/>
                <line branch="false" number="184" hits="2"/>
                <line branch="false" number="185" hits="2"/>
                <line branch="false" number="188" hits="1"/>
                <line branch="false" number="191" hits="1"/>
                <line branch="false" number="192" hits="1"/>
                <line branch="false" number="193" hits="1"/>
                <line branch="false" number="194" hits="1"/>
                <line branch="false" number="196" hits="0"/>
                <line branch="false" number="198" hits="0"/>
                <line branch="false" number="199" hits="0"/>
                <line branch="false" number="200" hits="0"/>
                <line branch="false" number="202" hits="0"/>
                <line branch="false" number="205" hits="0"/>
                <line branch="false" number="208" hits="1"/>
                <line branch="false" number="209" hits="0"/>
                <line branch="false" number="210" hits="0"/>
                <line branch="false" number="212" hits="0"/>
                <line branch="false" number="213" hits="0"/>
                <line branch="false" number="228" hits="1"/>
                <line branch="false" number="229" hits="4"/>
                <line branch="false" number="230" hits="4"/>
                <line branch="false" number="231" hits="10"/>
                <line branch="false" number="233" hits="10"/>
                <line branch="false" number="234" hits="10"/>
                <line branch="false" number="235" hits="7"/>
                <line branch="false" number="246" hits="1"/>
                <line branch="false" number="247" hits="0"/>
                <line branch="false" number="248" hits="0"/>
                <line branch="false" number="258" hits="1"/>
                <line branch="false" number="260" hits="2"/>
                <line branch="false" number="261" hits="2"/>
                <line branch="false" number="263" hits="2"/>
                <line branch="false" number="264" hits="2"/>
                <line branch="false" number="265" hits="2"/>
                <line branch="false" number="266" hits="2"/>
                <line branch="false" number="272" hits="2"/>
                <line branch="false" number="273" hits="2"/>
                <line branch="false" number="274" hits="2"/>
                <line branch="false" number="275" hits="2"/>
                <line branch="false" number="277" hits="2"/>
                <line branch="false" number="279" hits="2"/>
                <line branch="false" number="281" hits="2"/>
                <line branch="false" number="283" hits="2"/>
                <line branch="false" number="290" hits="2"/>
                <line branch="false" number="293" hits="0"/>
                <line branch="false" number="296" hits="2"/>
                <line branch="false" number="299" hits="1"/>
            </lines>
        </class>
        <class name="/util/Chat.js" filename="/util/Chat.js" line-rate="0.9512195" lines-covered="39" lines-valid="41" branch-rate="0">
            <lines>
                <line branch="false" number="1" hits="1"/>
                <line branch="false" number="5" hits="1"/>
                <line branch="false" number="7" hits="1"/>
                <line branch="false" number="8" hits="1"/>
                <line branch="false" number="10" hits="1"/>
                <line branch="false" number="14" hits="1"/>
                <line branch="false" number="20" hits="1"/>
                <line branch="false" number="26" hits="1"/>
                <line branch="false" number="27" hits="3"/>
                <line branch="false" number="31" hits="3"/>
                <line branch="false" number="32" hits="1"/>
                <line branch="false" number="35" hits="1"/>
                <line branch="false" number="38" hits="3"/>
                <line branch="false" number="39" hits="3"/>
                <line branch="false" number="42" hits="2"/>
                <line branch="false" number="43" hits="2"/>
                <line branch="false" number="44" hits="2"/>
                <line branch="false" number="46" hits="2"/>
                <line branch="false" number="48" hits="2"/>
                <line branch="false" number="50" hits="2"/>
                <line branch="false" number="55" hits="1"/>
                <line branch="false" number="56" hits="1"/>
                <line branch="false" number="74" hits="1"/>
                <line branch="false" number="75" hits="2"/>
                <line branch="false" number="79" hits="2"/>
                <line branch="false" number="81" hits="2"/>
                <line branch="false" number="82" hits="2"/>
                <line branch="false" number="83" hits="2"/>
                <line branch="false" number="84" hits="2"/>
                <line branch="false" number="85" hits="2"/>
                <line branch="false" number="88" hits="2"/>
                <line branch="false" number="89" hits="12"/>
                <line branch="false" number="90" hits="12"/>
                <line branch="false" number="91" hits="12"/>
                <line branch="false" number="92" hits="12"/>
                <line branch="false" number="93" hits="12"/>
                <line branch="false" number="96" hits="2"/>
                <line branch="false" number="103" hits="1"/>
                <line branch="false" number="104" hits="0"/>
                <line branch="false" number="105" hits="0"/>
                <line branch="false" number="108" hits="1"/>
            </lines>
        </class>
        <class name="/util/IncidentAPI.js" filename="/util/IncidentAPI.js" line-rate="0.8125" lines-covered="13" lines-valid="16" branch-rate="0">
            <lines>
                <line branch="false" number="1" hits="1"/>
                <line branch="false" number="4" hits="1"/>
                <line branch="false" number="6" hits="1"/>
                <line branch="false" number="8" hits="1"/>
                <line branch="false" number="10" hits="2"/>
                <line branch="false" number="23" hits="1"/>
                <line branch="false" number="24" hits="1"/>
                <line branch="false" number="33" hits="1"/>
                <line branch="false" number="34" hits="1"/>
                <line branch="false" number="38" hits="1"/>
                <line branch="false" number="39" hits="1"/>
                <line branch="false" number="47" hits="1"/>
                <line branch="false" number="48" hits="0"/>
                <line branch="false" number="49" hits="0"/>
                <line branch="false" number="50" hits="0"/>
                <line branch="false" number="54" hits="1"/>
            </lines>
        </class>
        <class name="/util/MyStorage.js" filename="/util/MyStorage.js" line-rate="0.962963" lines-covered="26" lines-valid="27" branch-rate="0">
            <lines>
                <line branch="false" number="8" hits="1"/>
                <line branch="false" number="19" hits="1"/>
                <line branch="false" number="23" hits="1"/>
                <line branch="false" number="32" hits="1"/>
                <line branch="false" number="33" hits="2"/>
                <line branch="false" number="43" hits="1"/>
                <line branch="false" number="44" hits="1"/>
                <line branch="false" number="53" hits="54"/>
                <line branch="false" number="54" hits="2"/>
                <line branch="false" number="57" hits="54"/>
                <line branch="false" number="58" hits="54"/>
                <line branch="false" number="60" hits="54"/>
                <line branch="false" number="76" hits="1"/>
                <line branch="false" number="78" hits="47"/>
                <line branch="false" number="79" hits="47"/>
                <line branch="false" number="89" hits="47"/>
                <line branch="false" number="90" hits="4"/>
                <line branch="false" number="91" hits="4"/>
                <line branch="false" number="101" hits="47"/>
                <line branch="false" number="102" hits="37"/>
                <line branch="false" number="103" hits="37"/>
                <line branch="false" number="106" hits="47"/>
                <line branch="false" number="111" hits="1"/>
                <line branch="false" number="112" hits="47"/>
                <line branch="false" number="115" hits="1"/>
                <line branch="false" number="116" hits="0"/>
                <line branch="false" number="119" hits="1"/>
            </lines>
        </class>
        <class name="/util/WebServices.js" filename="/util/WebServices.js" line-rate="0.5" lines-covered="5" lines-valid="10" branch-rate="0">
            <lines>
                <line branch="false" number="1" hits="1"/>
                <line branch="false" number="8" hits="1"/>
                <line branch="false" number="10" hits="1"/>
                <line branch="false" number="15" hits="0"/>
                <line branch="false" number="20" hits="0"/>
                <line branch="false" number="21" hits="0"/>
                <line branch="false" number="25" hits="1"/>
                <line branch="false" number="26" hits="0"/>
                <line branch="false" number="27" hits="0"/>
                <line branch="false" number="30" hits="1"/>
            </lines>
        </class>
        <class name="/util/help.js" filename="/util/help.js" line-rate="0.5555556" lines-covered="5" lines-valid="9" branch-rate="0">
            <lines>
                <line branch="false" number="1" hits="1"/>
                <line branch="false" number="3" hits="1"/>
                <line branch="false" number="4" hits="1"/>
                <line branch="false" number="5" hits="1"/>
                <line branch="false" number="6" hits="0"/>
                <line branch="false" number="8" hits="0"/>
                <line branch="false" number="9" hits="0"/>
                <line branch="false" number="10" hits="0"/>
                <line branch="false" number="14" hits="1"/>
            </lines>
        </class>
        <class name="/controller/App.controller.js" filename="/controller/App.controller.js" line-rate="0" lines-covered="0" lines-valid="5">
            <lines>
                <line number="1" hits="0"/>
                <line number="2" hits="0"/>
                <line number="3" hits="0"/>
                <line number="4" hits="0"/>
                <line number="5" hits="0"/>
            </lines>
        </class>
        <class name="/control/IEInput.js" filename="/control/IEInput.js" line-rate="0" lines-covered="0" lines-valid="10">
            <lines>
                <line number="1" hits="0"/>
                <line number="2" hits="0"/>
                <line number="3" hits="0"/>
                <line number="4" hits="0"/>
                <line number="5" hits="0"/>
                <line number="6" hits="0"/>
                <line number="7" hits="0"/>
                <line number="8" hits="0"/>
                <line number="9" hits="0"/>
                <line number="10" hits="0"/>
            </lines>
        </class>
        <class name="/Component.js" filename="/Component.js" line-rate="0" lines-covered="0" lines-valid="41">
            <lines>
                <line number="1" hits="0"/>
                <line number="2" hits="0"/>
                <line number="3" hits="0"/>
                <line number="4" hits="0"/>
                <line number="5" hits="0"/>
                <line number="6" hits="0"/>
                <line number="7" hits="0"/>
                <line number="8" hits="0"/>
                <line number="9" hits="0"/>
                <line number="10" hits="0"/>
                <line number="11" hits="0"/>
                <line number="12" hits="0"/>
                <line number="13" hits="0"/>
                <line number="14" hits="0"/>
                <line number="15" hits="0"/>
                <line number="16" hits="0"/>
                <line number="17" hits="0"/>
                <line number="18" hits="0"/>
                <line number="19" hits="0"/>
                <line number="20" hits="0"/>
                <line number="21" hits="0"/>
                <line number="22" hits="0"/>
                <line number="23" hits="0"/>
                <line number="24" hits="0"/>
                <line number="25" hits="0"/>
                <line number="26" hits="0"/>
                <line number="27" hits="0"/>
                <line number="28" hits="0"/>
                <line number="29" hits="0"/>
                <line number="30" hits="0"/>
                <line number="31" hits="0"/>
                <line number="32" hits="0"/>
                <line number="33" hits="0"/>
                <line number="34" hits="0"/>
                <line number="35" hits="0"/>
                <line number="36" hits="0"/>
                <line number="37" hits="0"/>
                <line number="38" hits="0"/>
                <line number="39" hits="0"/>
                <line number="40" hits="0"/>
                <line number="41" hits="0"/>
            </lines>
        </class>
    </classes>
</coverage>
