<?xml version="1.0" encoding="UTF-8" standalone="yes"?>
<coverage files="26" line-rate="0.28" lines-covered="790" lines-valid="2819">
    <modules>
        <module name="/controller/App.controller.js" filename="/controller/App.controller.js" line-rate="0.85714287" lines-covered="12" lines-valid="14">
            <lines>
                <line number="1" hits="1"/>
                <line number="6" hits="1"/>
                <line number="8" hits="1"/>
                <line number="13" hits="6"/>
                <line number="16" hits="6"/>
                <line number="18" hits="24"/>
                <line number="19" hits="24"/>
                <line number="20" hits="24"/>
                <line number="24" hits="6"/>
                <line number="26" hits="72"/>
                <line number="27" hits="72"/>
                <line number="28" hits="72"/>
                <line number="36" hits="0"/>
                <line number="37" hits="0"/>
            </lines>
        </module>
        <module name="/controller/BaseController.js" filename="/controller/BaseController.js" line-rate="0.5" lines-covered="3" lines-valid="6">
            <lines>
                <line number="1" hits="1"/>
                <line number="5" hits="1"/>
                <line number="7" hits="1"/>
                <line number="10" hits="0"/>
                <line number="14" hits="0"/>
                <line number="18" hits="0"/>
            </lines>
        </module>
        <module name="/controller/PersonEdit.controller.js" filename="/controller/PersonEdit.controller.js" line-rate="0.90909094" lines-covered="250" lines-valid="275">
            <lines>
                <line number="1" hits="1"/>
                <line number="12" hits="1"/>
                <line number="14" hits="1"/>
                <line number="20" hits="39"/>
                <line number="21" hits="39"/>
                <line number="22" hits="39"/>
                <line number="26" hits="40"/>
                <line number="27" hits="40"/>
                <line number="28" hits="40"/>
                <line number="29" hits="40"/>
                <line number="30" hits="40"/>
                <line number="32" hits="40"/>
                <line number="33" hits="40"/>
                <line number="34" hits="40"/>
                <line number="35" hits="13"/>
                <line number="37" hits="40"/>
                <line number="41" hits="38"/>
                <line number="42" hits="38"/>
                <line number="50" hits="38"/>
                <line number="51" hits="212"/>
                <line number="52" hits="1"/>
                <line number="58" hits="0"/>
                <line number="62" hits="67"/>
                <line number="66" hits="39"/>
                <line number="67" hits="39"/>
                <line number="68" hits="39"/>
                <line number="74" hits="39"/>
                <line number="75" hits="25"/>
                <line number="76" hits="25"/>
                <line number="77" hits="25"/>
                <line number="78" hits="25"/>
                <line number="79" hits="25"/>
                <line number="80" hits="9"/>
                <line number="82" hits="25"/>
                <line number="83" hits="25"/>
                <line number="86" hits="25"/>
                <line number="87" hits="25"/>
                <line number="99" hits="25"/>
                <line number="100" hits="25"/>
                <line number="101" hits="13"/>
                <line number="102" hits="13"/>
                <line number="103" hits="13"/>
                <line number="104" hits="13"/>
                <line number="105" hits="13"/>
                <line number="106" hits="7"/>
                <line number="110" hits="12"/>
                <line number="111" hits="12"/>
                <line number="112" hits="31"/>
                <line number="113" hits="11"/>
                <line number="114" hits="11"/>
                <line number="115" hits="11"/>
                <line number="116" hits="11"/>
                <line number="117" hits="11"/>
                <line number="118" hits="11"/>
                <line number="122" hits="25"/>
                <line number="123" hits="25"/>
                <line number="124" hits="25"/>
                <line number="128" hits="14"/>
                <line number="129" hits="5"/>
                <line number="130" hits="5"/>
                <line number="131" hits="5"/>
                <line number="132" hits="4"/>
                <line number="134" hits="5"/>
                <line number="135" hits="5"/>
                <line number="138" hits="9"/>
                <line number="139" hits="8"/>
                <line number="140" hits="8"/>
                <line number="143" hits="1"/>
                <line number="145" hits="13"/>
                <line number="146" hits="13"/>
                <line number="147" hits="13"/>
                <line number="148" hits="13"/>
                <line number="152" hits="38"/>
                <line number="153" hits="38"/>
                <line number="157" hits="38"/>
                <line number="158" hits="38"/>
                <line number="159" hits="20"/>
                <line number="161" hits="18"/>
                <line number="162" hits="18"/>
                <line number="163" hits="4"/>
                <line number="164" hits="4"/>
                <line number="165" hits="4"/>
                <line number="167" hits="0"/>
                <line number="168" hits="0"/>
                <line number="169" hits="0"/>
                <line number="170" hits="0"/>
                <line number="174" hits="0"/>
                <line number="175" hits="0"/>
                <line number="176" hits="0"/>
                <line number="177" hits="0"/>
                <line number="178" hits="0"/>
                <line number="179" hits="0"/>
                <line number="180" hits="0"/>
                <line number="182" hits="0"/>
                <line number="184" hits="0"/>
                <line number="185" hits="0"/>
                <line number="186" hits="0"/>
                <line number="187" hits="0"/>
                <line number="188" hits="0"/>
                <line number="189" hits="0"/>
                <line number="192" hits="0"/>
                <line number="198" hits="14"/>
                <line number="199" hits="14"/>
                <line number="200" hits="0"/>
                <line number="206" hits="17"/>
                <line number="207" hits="17"/>
                <line number="208" hits="17"/>
                <line number="209" hits="2"/>
                <line number="210" hits="6"/>
                <line number="214" hits="15"/>
                <line number="215" hits="15"/>
                <line number="216" hits="45"/>
                <line number="219" hits="17"/>
                <line number="223" hits="13"/>
                <line number="224" hits="13"/>
                <line number="225" hits="13"/>
                <line number="226" hits="13"/>
                <line number="227" hits="23"/>
                <line number="245" hits="13"/>
                <line number="249" hits="14"/>
                <line number="250" hits="6"/>
                <line number="253" hits="8"/>
                <line number="254" hits="8"/>
                <line number="255" hits="8"/>
                <line number="256" hits="8"/>
                <line number="257" hits="8"/>
                <line number="258" hits="8"/>
                <line number="260" hits="8"/>
                <line number="265" hits="10"/>
                <line number="266" hits="10"/>
                <line number="267" hits="10"/>
                <line number="268" hits="3"/>
                <line number="269" hits="3"/>
                <line number="270" hits="7"/>
                <line number="271" hits="3"/>
                <line number="272" hits="3"/>
                <line number="274" hits="4"/>
                <line number="275" hits="4"/>
                <line number="277" hits="10"/>
                <line number="281" hits="9"/>
                <line number="285" hits="1"/>
                <line number="286" hits="1"/>
                <line number="287" hits="1"/>
                <line number="291" hits="1"/>
                <line number="292" hits="1"/>
                <line number="293" hits="1"/>
                <line number="297" hits="16"/>
                <line number="301" hits="3"/>
                <line number="302" hits="3"/>
                <line number="308" hits="3"/>
                <line number="309" hits="2"/>
                <line number="312" hits="3"/>
                <line number="316" hits="6"/>
                <line number="317" hits="6"/>
                <line number="318" hits="6"/>
                <line number="319" hits="1"/>
                <line number="321" hits="5"/>
                <line number="322" hits="2"/>
                <line number="325" hits="3"/>
                <line number="328" hits="5"/>
                <line number="329" hits="15"/>
                <line number="330" hits="3"/>
                <line number="333" hits="1"/>
                <line number="336" hits="15"/>
                <line number="337" hits="9"/>
                <line number="341" hits="5"/>
                <line number="342" hits="8"/>
                <line number="343" hits="3"/>
                <line number="346" hits="2"/>
                <line number="350" hits="1"/>
                <line number="351" hits="1"/>
                <line number="352" hits="1"/>
                <line number="353" hits="1"/>
                <line number="354" hits="1"/>
                <line number="355" hits="1"/>
                <line number="359" hits="1"/>
                <line number="363" hits="0"/>
                <line number="364" hits="0"/>
                <line number="366" hits="0"/>
                <line number="370" hits="3"/>
                <line number="371" hits="3"/>
                <line number="372" hits="3"/>
                <line number="374" hits="3"/>
                <line number="375" hits="2"/>
                <line number="380" hits="3"/>
                <line number="381" hits="3"/>
                <line number="382" hits="3"/>
                <line number="383" hits="3"/>
                <line number="385" hits="3"/>
                <line number="387" hits="3"/>
                <line number="388" hits="3"/>
                <line number="389" hits="1"/>
                <line number="391" hits="3"/>
                <line number="392" hits="3"/>
                <line number="393" hits="8"/>
                <line number="394" hits="1"/>
                <line number="395" hits="1"/>
                <line number="399" hits="7"/>
                <line number="400" hits="3"/>
                <line number="402" hits="4"/>
                <line number="403" hits="4"/>
                <line number="404" hits="2"/>
                <line number="405" hits="1"/>
                <line number="407" hits="1"/>
                <line number="408" hits="1"/>
                <line number="414" hits="2"/>
                <line number="421" hits="9"/>
                <line number="422" hits="9"/>
                <line number="423" hits="9"/>
                <line number="424" hits="9"/>
                <line number="425" hits="9"/>
                <line number="426" hits="8"/>
                <line number="427" hits="8"/>
                <line number="432" hits="9"/>
                <line number="433" hits="9"/>
                <line number="434" hits="9"/>
                <line number="436" hits="0"/>
                <line number="439" hits="9"/>
                <line number="440" hits="9"/>
                <line number="441" hits="4"/>
                <line number="448" hits="5"/>
                <line number="456" hits="19"/>
                <line number="457" hits="3"/>
                <line number="460" hits="16"/>
                <line number="461" hits="16"/>
                <line number="462" hits="16"/>
                <line number="463" hits="1"/>
                <line number="465" hits="16"/>
                <line number="467" hits="16"/>
                <line number="468" hits="16"/>
                <line number="470" hits="16"/>
                <line number="471" hits="16"/>
                <line number="472" hits="16"/>
                <line number="473" hits="5"/>
                <line number="474" hits="5"/>
                <line number="477" hits="4"/>
                <line number="482" hits="11"/>
                <line number="483" hits="6"/>
                <line number="484" hits="6"/>
                <line number="485" hits="4"/>
                <line number="486" hits="4"/>
                <line number="487" hits="4"/>
                <line number="488" hits="8"/>
                <line number="489" hits="8"/>
                <line number="490" hits="8"/>
                <line number="491" hits="8"/>
                <line number="494" hits="2"/>
                <line number="495" hits="2"/>
                <line number="496" hits="2"/>
                <line number="497" hits="2"/>
                <line number="498" hits="2"/>
                <line number="499" hits="2"/>
                <line number="500" hits="2"/>
                <line number="504" hits="6"/>
                <line number="505" hits="5"/>
                <line number="506" hits="5"/>
                <line number="507" hits="5"/>
                <line number="508" hits="4"/>
                <line number="509" hits="1"/>
                <line number="512" hits="3"/>
                <line number="517" hits="1"/>
                <line number="518" hits="1"/>
                <line number="522" hits="5"/>
                <line number="523" hits="5"/>
                <line number="524" hits="1"/>
                <line number="525" hits="1"/>
                <line number="526" hits="1"/>
                <line number="531" hits="1"/>
                <line number="533" hits="4"/>
                <line number="537" hits="2"/>
                <line number="540" hits="1"/>
                <line number="541" hits="1"/>
                <line number="548" hits="1"/>
                <line number="549" hits="1"/>
                <line number="550" hits="1"/>
            </lines>
        </module>
        <module name="/model/Config.js" filename="/model/Config.js" line-rate="1.0" lines-covered="3" lines-valid="3">
            <lines>
                <line number="1" hits="1"/>
                <line number="3" hits="1"/>
                <line number="5" hits="1"/>
            </lines>
        </module>
        <module name="/model/Formatter.js" filename="/model/Formatter.js" line-rate="1.0" lines-covered="35" lines-valid="35">
            <lines>
                <line number="1" hits="1"/>
                <line number="3" hits="1"/>
                <line number="5" hits="1"/>
                <line number="7" hits="4"/>
                <line number="8" hits="3"/>
                <line number="9" hits="3"/>
                <line number="10" hits="3"/>
                <line number="11" hits="3"/>
                <line number="12" hits="3"/>
                <line number="14" hits="1"/>
                <line number="18" hits="38"/>
                <line number="19" hits="37"/>
                <line number="22" hits="1"/>
                <line number="27" hits="3"/>
                <line number="28" hits="1"/>
                <line number="31" hits="2"/>
                <line number="36" hits="113"/>
                <line number="37" hits="41"/>
                <line number="39" hits="72"/>
                <line number="43" hits="23"/>
                <line number="44" hits="23"/>
                <line number="45" hits="2"/>
                <line number="46" hits="2"/>
                <line number="47" hits="6"/>
                <line number="48" hits="5"/>
                <line number="52" hits="23"/>
                <line number="56" hits="19"/>
                <line number="57" hits="19"/>
                <line number="58" hits="3"/>
                <line number="59" hits="3"/>
                <line number="60" hits="9"/>
                <line number="61" hits="7"/>
                <line number="62" hits="7"/>
                <line number="63" hits="6"/>
                <line number="68" hits="19"/>
            </lines>
        </module>
        <module name="/model/TableEx.js" filename="/model/TableEx.js" line-rate="1.0" lines-covered="42" lines-valid="42">
            <lines>
                <line number="6" hits="1"/>
                <line number="10" hits="1"/>
                <line number="12" hits="1"/>
                <line number="31" hits="1"/>
                <line number="32" hits="12"/>
                <line number="33" hits="12"/>
                <line number="34" hits="12"/>
                <line number="35" hits="56"/>
                <line number="36" hits="56"/>
                <line number="37" hits="56"/>
                <line number="38" hits="43"/>
                <line number="40" hits="13"/>
                <line number="43" hits="12"/>
                <line number="46" hits="1"/>
                <line number="47" hits="15"/>
                <line number="50" hits="1"/>
                <line number="51" hits="55"/>
                <line number="52" hits="55"/>
                <line number="53" hits="37"/>
                <line number="55" hits="18"/>
                <line number="56" hits="18"/>
                <line number="57" hits="18"/>
                <line number="58" hits="69"/>
                <line number="59" hits="1"/>
                <line number="60" hits="1"/>
                <line number="63" hits="18"/>
                <line number="70" hits="1"/>
                <line number="71" hits="33"/>
                <line number="77" hits="12"/>
                <line number="79" hits="9"/>
                <line number="80" hits="9"/>
                <line number="81" hits="9"/>
                <line number="93" hits="3"/>
                <line number="94" hits="3"/>
                <line number="95" hits="3"/>
                <line number="101" hits="13"/>
                <line number="106" hits="1"/>
                <line number="107" hits="91"/>
                <line number="108" hits="55"/>
                <line number="112" hits="141"/>
                <line number="114" hits="55"/>
                <line number="118" hits="1"/>
            </lines>
        </module>
        <module name="/model/Template.js" filename="/model/Template.js" line-rate="0.8979592" lines-covered="220" lines-valid="245">
            <lines>
                <line number="1" hits="1"/>
                <line number="18" hits="1"/>
                <line number="20" hits="1"/>
                <line number="23" hits="2"/>
                <line number="26" hits="3"/>
                <line number="27" hits="1"/>
                <line number="29" hits="2"/>
                <line number="35" hits="2"/>
                <line number="38" hits="4"/>
                <line number="44" hits="5"/>
                <line number="45" hits="5"/>
                <line number="52" hits="15"/>
                <line number="53" hits="6"/>
                <line number="55" hits="9"/>
                <line number="62" hits="84"/>
                <line number="69" hits="324"/>
                <line number="70" hits="18"/>
                <line number="72" hits="306"/>
                <line number="78" hits="82"/>
                <line number="84" hits="237"/>
                <line number="85" hits="13"/>
                <line number="87" hits="224"/>
                <line number="93" hits="82"/>
                <line number="96" hits="164"/>
                <line number="102" hits="121"/>
                <line number="105" hits="245"/>
                <line number="111" hits="4"/>
                <line number="114" hits="14"/>
                <line number="120" hits="3"/>
                <line number="123" hits="3"/>
                <line number="129" hits="2"/>
                <line number="132" hits="2"/>
                <line number="138" hits="44"/>
                <line number="145" hits="170"/>
                <line number="146" hits="30"/>
                <line number="148" hits="140"/>
                <line number="154" hits="7"/>
                <line number="157" hits="7"/>
                <line number="158" hits="3"/>
                <line number="160" hits="4"/>
                <line number="161" hits="4"/>
                <line number="162" hits="2"/>
                <line number="163" hits="7"/>
                <line number="164" hits="7"/>
                <line number="165" hits="12"/>
                <line number="166" hits="5"/>
                <line number="169" hits="7"/>
                <line number="173" hits="2"/>
                <line number="176" hits="4"/>
                <line number="177" hits="2"/>
                <line number="180" hits="2"/>
                <line number="187" hits="3"/>
                <line number="196" hits="9"/>
                <line number="197" hits="4"/>
                <line number="199" hits="5"/>
                <line number="205" hits="8"/>
                <line number="216" hits="16"/>
                <line number="217" hits="6"/>
                <line number="218" hits="2"/>
                <line number="221" hits="4"/>
                <line number="224" hits="10"/>
                <line number="225" hits="2"/>
                <line number="228" hits="8"/>
                <line number="235" hits="2"/>
                <line number="242" hits="4"/>
                <line number="248" hits="2"/>
                <line number="251" hits="4"/>
                <line number="257" hits="2"/>
                <line number="264" hits="4"/>
                <line number="270" hits="2"/>
                <line number="273" hits="4"/>
                <line number="279" hits="0"/>
                <line number="288" hits="0"/>
                <line number="289" hits="0"/>
                <line number="290" hits="0"/>
                <line number="291" hits="0"/>
                <line number="292" hits="0"/>
                <line number="293" hits="0"/>
                <line number="300" hits="0"/>
                <line number="309" hits="0"/>
                <line number="310" hits="0"/>
                <line number="311" hits="0"/>
                <line number="312" hits="0"/>
                <line number="313" hits="0"/>
                <line number="314" hits="0"/>
                <line number="321" hits="0"/>
                <line number="324" hits="0"/>
                <line number="325" hits="0"/>
                <line number="326" hits="0"/>
                <line number="327" hits="0"/>
                <line number="328" hits="0"/>
                <line number="329" hits="0"/>
                <line number="336" hits="2"/>
                <line number="339" hits="2"/>
                <line number="348" hits="197"/>
                <line number="349" hits="97"/>
                <line number="352" hits="100"/>
                <line number="357" hits="197"/>
                <line number="358" hits="129"/>
                <line number="360" hits="68"/>
                <line number="361" hits="33"/>
                <line number="363" hits="35"/>
                <line number="364" hits="32"/>
                <line number="369" hits="60"/>
                <line number="373" hits="54"/>
                <line number="374" hits="54"/>
                <line number="378" hits="4"/>
                <line number="379" hits="4"/>
                <line number="380" hits="1"/>
                <line number="388" hits="4"/>
                <line number="389" hits="4"/>
                <line number="391" hits="4"/>
                <line number="392" hits="4"/>
                <line number="393" hits="4"/>
                <line number="394" hits="3"/>
                <line number="395" hits="2"/>
                <line number="396" hits="2"/>
                <line number="400" hits="1"/>
                <line number="404" hits="1"/>
                <line number="407" hits="4"/>
                <line number="411" hits="98"/>
                <line number="412" hits="98"/>
                <line number="414" hits="98"/>
                <line number="416" hits="98"/>
                <line number="417" hits="27"/>
                <line number="418" hits="27"/>
                <line number="420" hits="13"/>
                <line number="425" hits="13"/>
                <line number="427" hits="13"/>
                <line number="428" hits="13"/>
                <line number="429" hits="13"/>
                <line number="430" hits="8"/>
                <line number="431" hits="18"/>
                <line number="432" hits="2"/>
                <line number="433" hits="2"/>
                <line number="440" hits="27"/>
                <line number="441" hits="27"/>
                <line number="451" hits="11"/>
                <line number="455" hits="27"/>
                <line number="460" hits="27"/>
                <line number="461" hits="27"/>
                <line number="465" hits="27"/>
                <line number="466" hits="27"/>
                <line number="472" hits="11"/>
                <line number="473" hits="1"/>
                <line number="475" hits="10"/>
                <line number="476" hits="10"/>
                <line number="477" hits="10"/>
                <line number="482" hits="4"/>
                <line number="486" hits="27"/>
                <line number="489" hits="71"/>
                <line number="490" hits="53"/>
                <line number="493" hits="71"/>
                <line number="497" hits="71"/>
                <line number="503" hits="98"/>
                <line number="505" hits="98"/>
                <line number="509" hits="85"/>
                <line number="510" hits="11"/>
                <line number="512" hits="74"/>
                <line number="513" hits="49"/>
                <line number="514" hits="21"/>
                <line number="515" hits="8"/>
                <line number="517" hits="13"/>
                <line number="518" hits="13"/>
                <line number="519" hits="49"/>
                <line number="521" hits="13"/>
                <line number="522" hits="13"/>
                <line number="523" hits="13"/>
                <line number="524" hits="13"/>
                <line number="525" hits="13"/>
                <line number="526" hits="21"/>
                <line number="527" hits="12"/>
                <line number="528" hits="12"/>
                <line number="531" hits="13"/>
                <line number="536" hits="25"/>
                <line number="540" hits="25"/>
                <line number="541" hits="9"/>
                <line number="542" hits="9"/>
                <line number="544" hits="16"/>
                <line number="545" hits="13"/>
                <line number="546" hits="13"/>
                <line number="549" hits="31"/>
                <line number="553" hits="60"/>
                <line number="554" hits="60"/>
                <line number="555" hits="60"/>
                <line number="574" hits="85"/>
                <line number="584" hits="197"/>
                <line number="605" hits="197"/>
                <line number="614" hits="197"/>
                <line number="623" hits="197"/>
                <line number="632" hits="197"/>
                <line number="633" hits="197"/>
                <line number="634" hits="197"/>
                <line number="635" hits="197"/>
                <line number="636" hits="99"/>
                <line number="637" hits="99"/>
                <line number="639" hits="0"/>
                <line number="640" hits="0"/>
                <line number="641" hits="0"/>
                <line number="642" hits="0"/>
                <line number="651" hits="98"/>
                <line number="658" hits="27"/>
                <line number="659" hits="27"/>
                <line number="660" hits="27"/>
                <line number="661" hits="27"/>
                <line number="662" hits="27"/>
                <line number="664" hits="27"/>
                <line number="665" hits="27"/>
                <line number="666" hits="27"/>
                <line number="667" hits="27"/>
                <line number="672" hits="9"/>
                <line number="677" hits="9"/>
                <line number="678" hits="3"/>
                <line number="682" hits="9"/>
                <line number="683" hits="9"/>
                <line number="685" hits="9"/>
                <line number="686" hits="9"/>
                <line number="687" hits="9"/>
                <line number="688" hits="9"/>
                <line number="689" hits="9"/>
                <line number="690" hits="9"/>
                <line number="691" hits="9"/>
                <line number="692" hits="9"/>
                <line number="693" hits="3"/>
                <line number="696" hits="6"/>
                <line number="697" hits="6"/>
                <line number="698" hits="4"/>
                <line number="703" hits="2"/>
                <line number="704" hits="2"/>
                <line number="708" hits="2"/>
                <line number="712" hits="2"/>
                <line number="713" hits="2"/>
                <line number="719" hits="9"/>
                <line number="723" hits="61"/>
                <line number="724" hits="1"/>
                <line number="726" hits="61"/>
                <line number="727" hits="60"/>
                <line number="728" hits="60"/>
                <line number="729" hits="60"/>
                <line number="730" hits="60"/>
                <line number="738" hits="27"/>
                <line number="741" hits="9"/>
                <line number="744" hits="60"/>
                <line number="745" hits="60"/>
                <line number="747" hits="1"/>
            </lines>
        </module>
        <module name="/model/Tool.js" filename="/model/Tool.js" line-rate="0.93157893" lines-covered="177" lines-valid="190">
            <lines>
                <line number="1" hits="1"/>
                <line number="7" hits="1"/>
                <line number="9" hits="1"/>
                <line number="11" hits="0"/>
                <line number="12" hits="0"/>
                <line number="13" hits="0"/>
                <line number="14" hits="0"/>
                <line number="15" hits="0"/>
                <line number="17" hits="0"/>
                <line number="22" hits="19"/>
                <line number="23" hits="14"/>
                <line number="24" hits="14"/>
                <line number="25" hits="13"/>
                <line number="27" hits="5"/>
                <line number="28" hits="0"/>
                <line number="29" hits="0"/>
                <line number="30" hits="0"/>
                <line number="32" hits="5"/>
                <line number="33" hits="0"/>
                <line number="34" hits="0"/>
                <line number="35" hits="0"/>
                <line number="38" hits="6"/>
                <line number="42" hits="17"/>
                <line number="43" hits="17"/>
                <line number="44" hits="9"/>
                <line number="46" hits="17"/>
                <line number="47" hits="8"/>
                <line number="50" hits="17"/>
                <line number="51" hits="17"/>
                <line number="52" hits="12"/>
                <line number="53" hits="3"/>
                <line number="54" hits="3"/>
                <line number="55" hits="3"/>
                <line number="56" hits="1"/>
                <line number="59" hits="12"/>
                <line number="61" hits="5"/>
                <line number="62" hits="1"/>
                <line number="64" hits="4"/>
                <line number="68" hits="17"/>
                <line number="76" hits="5"/>
                <line number="77" hits="5"/>
                <line number="78" hits="2"/>
                <line number="81" hits="5"/>
                <line number="82" hits="3"/>
                <line number="83" hits="3"/>
                <line number="84" hits="2"/>
                <line number="86" hits="1"/>
                <line number="88" hits="3"/>
                <line number="89" hits="2"/>
                <line number="93" hits="3"/>
                <line number="97" hits="565"/>
                <line number="98" hits="565"/>
                <line number="99" hits="68"/>
                <line number="101" hits="565"/>
                <line number="102" hits="563"/>
                <line number="103" hits="563"/>
                <line number="104" hits="563"/>
                <line number="105" hits="1126"/>
                <line number="106" hits="563"/>
                <line number="109" hits="2"/>
                <line number="141" hits="241"/>
                <line number="142" hits="241"/>
                <line number="143" hits="185"/>
                <line number="145" hits="241"/>
                <line number="146" hits="239"/>
                <line number="147" hits="239"/>
                <line number="148" hits="200"/>
                <line number="151" hits="39"/>
                <line number="152" hits="2"/>
                <line number="153" hits="2"/>
                <line number="154" hits="1"/>
                <line number="159" hits="40"/>
                <line number="163" hits="9"/>
                <line number="164" hits="1"/>
                <line number="167" hits="8"/>
                <line number="168" hits="8"/>
                <line number="169" hits="8"/>
                <line number="170" hits="8"/>
                <line number="171" hits="8"/>
                <line number="172" hits="8"/>
                <line number="175" hits="8"/>
                <line number="176" hits="8"/>
                <line number="177" hits="8"/>
                <line number="178" hits="8"/>
                <line number="181" hits="5"/>
                <line number="182" hits="5"/>
                <line number="183" hits="5"/>
                <line number="184" hits="5"/>
                <line number="185" hits="5"/>
                <line number="186" hits="5"/>
                <line number="187" hits="5"/>
                <line number="188" hits="5"/>
                <line number="189" hits="5"/>
                <line number="190" hits="5"/>
                <line number="191" hits="5"/>
                <line number="192" hits="3"/>
                <line number="193" hits="1"/>
                <line number="195" hits="2"/>
                <line number="197" hits="2"/>
                <line number="198" hits="4"/>
                <line number="203" hits="5"/>
                <line number="204" hits="4"/>
                <line number="207" hits="4"/>
                <line number="208" hits="2"/>
                <line number="209" hits="1"/>
                <line number="213" hits="5"/>
                <line number="221" hits="8"/>
                <line number="225" hits="42"/>
                <line number="226" hits="42"/>
                <line number="227" hits="42"/>
                <line number="228" hits="42"/>
                <line number="229" hits="42"/>
                <line number="230" hits="42"/>
                <line number="232" hits="42"/>
                <line number="233" hits="1"/>
                <line number="238" hits="7"/>
                <line number="239" hits="1"/>
                <line number="242" hits="6"/>
                <line number="243" hits="6"/>
                <line number="244" hits="5"/>
                <line number="245" hits="5"/>
                <line number="248" hits="6"/>
                <line number="249" hits="6"/>
                <line number="250" hits="6"/>
                <line number="251" hits="6"/>
                <line number="253" hits="3"/>
                <line number="254" hits="3"/>
                <line number="255" hits="2"/>
                <line number="257" hits="3"/>
                <line number="258" hits="3"/>
                <line number="259" hits="3"/>
                <line number="262" hits="2"/>
                <line number="263" hits="2"/>
                <line number="269" hits="5"/>
                <line number="270" hits="1"/>
                <line number="273" hits="4"/>
                <line number="274" hits="4"/>
                <line number="275" hits="4"/>
                <line number="276" hits="4"/>
                <line number="277" hits="4"/>
                <line number="278" hits="4"/>
                <line number="279" hits="4"/>
                <line number="280" hits="4"/>
                <line number="281" hits="4"/>
                <line number="282" hits="4"/>
                <line number="283" hits="4"/>
                <line number="284" hits="4"/>
                <line number="285" hits="2"/>
                <line number="286" hits="1"/>
                <line number="289" hits="1"/>
                <line number="294" hits="1"/>
                <line number="295" hits="1"/>
                <line number="296" hits="1"/>
                <line number="302" hits="9"/>
                <line number="303" hits="9"/>
                <line number="304" hits="2"/>
                <line number="306" hits="7"/>
                <line number="307" hits="7"/>
                <line number="308" hits="7"/>
                <line number="310" hits="7"/>
                <line number="311" hits="7"/>
                <line number="312" hits="7"/>
                <line number="313" hits="7"/>
                <line number="314" hits="1"/>
                <line number="316" hits="7"/>
                <line number="317" hits="7"/>
                <line number="320" hits="2"/>
                <line number="321" hits="1"/>
                <line number="323" hits="1"/>
                <line number="324" hits="1"/>
                <line number="332" hits="4"/>
                <line number="333" hits="0"/>
                <line number="335" hits="4"/>
                <line number="337" hits="4"/>
                <line number="338" hits="8"/>
                <line number="340" hits="4"/>
                <line number="341" hits="2"/>
                <line number="342" hits="2"/>
                <line number="343" hits="3"/>
                <line number="345" hits="2"/>
                <line number="350" hits="2"/>
                <line number="353" hits="2"/>
                <line number="354" hits="2"/>
                <line number="356" hits="2"/>
                <line number="357" hits="4"/>
                <line number="358" hits="4"/>
                <line number="359" hits="4"/>
                <line number="363" hits="3"/>
                <line number="368" hits="2"/>
                <line number="369" hits="1"/>
            </lines>
        </module>
        <module name="/view/App.view.js" filename="/view/App.view.js" line-rate="1.0" lines-covered="10" lines-valid="10">
            <lines>
                <line number="1" hits="1"/>
                <line number="4" hits="6"/>
                <line number="9" hits="6"/>
                <line number="11" hits="6"/>
                <line number="12" hits="6"/>
                <line number="13" hits="6"/>
                <line number="14" hits="3"/>
                <line number="19" hits="5"/>
                <line number="25" hits="3"/>
                <line number="33" hits="6"/>
            </lines>
        </module>
        <module name="/view/PersonEdit.view.js" filename="/view/PersonEdit.view.js" line-rate="1.0" lines-covered="38" lines-valid="38">
            <lines>
                <line number="1" hits="1"/>
                <line number="4" hits="39"/>
                <line number="9" hits="39"/>
                <line number="43" hits="78"/>
                <line number="150" hits="39"/>
                <line number="154" hits="39"/>
                <line number="159" hits="39"/>
                <line number="282" hits="67"/>
                <line number="283" hits="27"/>
                <line number="285" hits="40"/>
                <line number="309" hits="39"/>
                <line number="311" hits="39"/>
                <line number="314" hits="39"/>
                <line number="318" hits="77"/>
                <line number="336" hits="39"/>
                <line number="338" hits="39"/>
                <line number="346" hits="39"/>
                <line number="351" hits="39"/>
                <line number="362" hits="39"/>
                <line number="377" hits="39"/>
                <line number="388" hits="39"/>
                <line number="403" hits="39"/>
                <line number="414" hits="39"/>
                <line number="427" hits="39"/>
                <line number="437" hits="39"/>
                <line number="451" hits="39"/>
                <line number="461" hits="39"/>
                <line number="484" hits="39"/>
                <line number="494" hits="39"/>
                <line number="526" hits="39"/>
                <line number="527" hits="39"/>
                <line number="529" hits="39"/>
                <line number="555" hits="150"/>
                <line number="557" hits="11"/>
                <line number="559" hits="15"/>
                <line number="561" hits="24"/>
                <line number="564" hits="39"/>
                <line number="566" hits="61"/>
            </lines>
        </module>
        <module name="/view/NotFound.view.js" filename="/view/NotFound.view.js" line-rate="0" lines-covered="0" lines-valid="6">
            <lines>
                <line number="1" hits="0"/>
                <line number="2" hits="0"/>
                <line number="3" hits="0"/>
                <line number="4" hits="0"/>
                <line number="5" hits="0"/>
                <line number="6" hits="0"/>
            </lines>
        </module>
        <module name="/controller/NoAuth.controller.js" filename="/controller/NoAuth.controller.js" line-rate="0" lines-covered="0" lines-valid="5">
            <lines>
                <line number="1" hits="0"/>
                <line number="2" hits="0"/>
                <line number="3" hits="0"/>
                <line number="4" hits="0"/>
                <line number="5" hits="0"/>
            </lines>
        </module>
        <module name="/controller/Password.controller.js" filename="/controller/Password.controller.js" line-rate="0" lines-covered="0" lines-valid="325">
            <lines>
                <line number="1" hits="0"/>
                <line number="2" hits="0"/>
                <line number="3" hits="0"/>
                <line number="4" hits="0"/>
                <line number="5" hits="0"/>
                <line number="6" hits="0"/>
                <line number="7" hits="0"/>
                <line number="8" hits="0"/>
                <line number="9" hits="0"/>
                <line number="10" hits="0"/>
                <line number="11" hits="0"/>
                <line number="12" hits="0"/>
                <line number="13" hits="0"/>
                <line number="14" hits="0"/>
                <line number="15" hits="0"/>
                <line number="16" hits="0"/>
                <line number="17" hits="0"/>
                <line number="18" hits="0"/>
                <line number="19" hits="0"/>
                <line number="20" hits="0"/>
                <line number="21" hits="0"/>
                <line number="22" hits="0"/>
                <line number="23" hits="0"/>
                <line number="24" hits="0"/>
                <line number="25" hits="0"/>
                <line number="26" hits="0"/>
                <line number="27" hits="0"/>
                <line number="28" hits="0"/>
                <line number="29" hits="0"/>
                <line number="30" hits="0"/>
                <line number="31" hits="0"/>
                <line number="32" hits="0"/>
                <line number="33" hits="0"/>
                <line number="34" hits="0"/>
                <line number="35" hits="0"/>
                <line number="36" hits="0"/>
                <line number="37" hits="0"/>
                <line number="38" hits="0"/>
                <line number="39" hits="0"/>
                <line number="40" hits="0"/>
                <line number="41" hits="0"/>
                <line number="42" hits="0"/>
                <line number="43" hits="0"/>
                <line number="44" hits="0"/>
                <line number="45" hits="0"/>
                <line number="46" hits="0"/>
                <line number="47" hits="0"/>
                <line number="48" hits="0"/>
                <line number="49" hits="0"/>
                <line number="50" hits="0"/>
                <line number="51" hits="0"/>
                <line number="52" hits="0"/>
                <line number="53" hits="0"/>
                <line number="54" hits="0"/>
                <line number="55" hits="0"/>
                <line number="56" hits="0"/>
                <line number="57" hits="0"/>
                <line number="58" hits="0"/>
                <line number="59" hits="0"/>
                <line number="60" hits="0"/>
                <line number="61" hits="0"/>
                <line number="62" hits="0"/>
                <line number="63" hits="0"/>
                <line number="64" hits="0"/>
                <line number="65" hits="0"/>
                <line number="66" hits="0"/>
                <line number="67" hits="0"/>
                <line number="68" hits="0"/>
                <line number="69" hits="0"/>
                <line number="70" hits="0"/>
                <line number="71" hits="0"/>
                <line number="72" hits="0"/>
                <line number="73" hits="0"/>
                <line number="74" hits="0"/>
                <line number="75" hits="0"/>
                <line number="76" hits="0"/>
                <line number="77" hits="0"/>
                <line number="78" hits="0"/>
                <line number="79" hits="0"/>
                <line number="80" hits="0"/>
                <line number="81" hits="0"/>
                <line number="82" hits="0"/>
                <line number="83" hits="0"/>
                <line number="84" hits="0"/>
                <line number="85" hits="0"/>
                <line number="86" hits="0"/>
                <line number="87" hits="0"/>
                <line number="88" hits="0"/>
                <line number="89" hits="0"/>
                <line number="90" hits="0"/>
                <line number="91" hits="0"/>
                <line number="92" hits="0"/>
                <line number="93" hits="0"/>
                <line number="94" hits="0"/>
                <line number="95" hits="0"/>
                <line number="96" hits="0"/>
                <line number="97" hits="0"/>
                <line number="98" hits="0"/>
                <line number="99" hits="0"/>
                <line number="100" hits="0"/>
                <line number="101" hits="0"/>
                <line number="102" hits="0"/>
                <line number="103" hits="0"/>
                <line number="104" hits="0"/>
                <line number="105" hits="0"/>
                <line number="106" hits="0"/>
                <line number="107" hits="0"/>
                <line number="108" hits="0"/>
                <line number="109" hits="0"/>
                <line number="110" hits="0"/>
                <line number="111" hits="0"/>
                <line number="112" hits="0"/>
                <line number="113" hits="0"/>
                <line number="114" hits="0"/>
                <line number="115" hits="0"/>
                <line number="116" hits="0"/>
                <line number="117" hits="0"/>
                <line number="118" hits="0"/>
                <line number="119" hits="0"/>
                <line number="120" hits="0"/>
                <line number="121" hits="0"/>
                <line number="122" hits="0"/>
                <line number="123" hits="0"/>
                <line number="124" hits="0"/>
                <line number="125" hits="0"/>
                <line number="126" hits="0"/>
                <line number="127" hits="0"/>
                <line number="128" hits="0"/>
                <line number="129" hits="0"/>
                <line number="130" hits="0"/>
                <line number="131" hits="0"/>
                <line number="132" hits="0"/>
                <line number="133" hits="0"/>
                <line number="134" hits="0"/>
                <line number="135" hits="0"/>
                <line number="136" hits="0"/>
                <line number="137" hits="0"/>
                <line number="138" hits="0"/>
                <line number="139" hits="0"/>
                <line number="140" hits="0"/>
                <line number="141" hits="0"/>
                <line number="142" hits="0"/>
                <line number="143" hits="0"/>
                <line number="144" hits="0"/>
                <line number="145" hits="0"/>
                <line number="146" hits="0"/>
                <line number="147" hits="0"/>
                <line number="148" hits="0"/>
                <line number="149" hits="0"/>
                <line number="150" hits="0"/>
                <line number="151" hits="0"/>
                <line number="152" hits="0"/>
                <line number="153" hits="0"/>
                <line number="154" hits="0"/>
                <line number="155" hits="0"/>
                <line number="156" hits="0"/>
                <line number="157" hits="0"/>
                <line number="158" hits="0"/>
                <line number="159" hits="0"/>
                <line number="160" hits="0"/>
                <line number="161" hits="0"/>
                <line number="162" hits="0"/>
                <line number="163" hits="0"/>
                <line number="164" hits="0"/>
                <line number="165" hits="0"/>
                <line number="166" hits="0"/>
                <line number="167" hits="0"/>
                <line number="168" hits="0"/>
                <line number="169" hits="0"/>
                <line number="170" hits="0"/>
                <line number="171" hits="0"/>
                <line number="172" hits="0"/>
                <line number="173" hits="0"/>
                <line number="174" hits="0"/>
                <line number="175" hits="0"/>
                <line number="176" hits="0"/>
                <line number="177" hits="0"/>
                <line number="178" hits="0"/>
                <line number="179" hits="0"/>
                <line number="180" hits="0"/>
                <line number="181" hits="0"/>
                <line number="182" hits="0"/>
                <line number="183" hits="0"/>
                <line number="184" hits="0"/>
                <line number="185" hits="0"/>
                <line number="186" hits="0"/>
                <line number="187" hits="0"/>
                <line number="188" hits="0"/>
                <line number="189" hits="0"/>
                <line number="190" hits="0"/>
                <line number="191" hits="0"/>
                <line number="192" hits="0"/>
                <line number="193" hits="0"/>
                <line number="194" hits="0"/>
                <line number="195" hits="0"/>
                <line number="196" hits="0"/>
                <line number="197" hits="0"/>
                <line number="198" hits="0"/>
                <line number="199" hits="0"/>
                <line number="200" hits="0"/>
                <line number="201" hits="0"/>
                <line number="202" hits="0"/>
                <line number="203" hits="0"/>
                <line number="204" hits="0"/>
                <line number="205" hits="0"/>
                <line number="206" hits="0"/>
                <line number="207" hits="0"/>
                <line number="208" hits="0"/>
                <line number="209" hits="0"/>
                <line number="210" hits="0"/>
                <line number="211" hits="0"/>
                <line number="212" hits="0"/>
                <line number="213" hits="0"/>
                <line number="214" hits="0"/>
                <line number="215" hits="0"/>
                <line number="216" hits="0"/>
                <line number="217" hits="0"/>
                <line number="218" hits="0"/>
                <line number="219" hits="0"/>
                <line number="220" hits="0"/>
                <line number="221" hits="0"/>
                <line number="222" hits="0"/>
                <line number="223" hits="0"/>
                <line number="224" hits="0"/>
                <line number="225" hits="0"/>
                <line number="226" hits="0"/>
                <line number="227" hits="0"/>
                <line number="228" hits="0"/>
                <line number="229" hits="0"/>
                <line number="230" hits="0"/>
                <line number="231" hits="0"/>
                <line number="232" hits="0"/>
                <line number="233" hits="0"/>
                <line number="234" hits="0"/>
                <line number="235" hits="0"/>
                <line number="236" hits="0"/>
                <line number="237" hits="0"/>
                <line number="238" hits="0"/>
                <line number="239" hits="0"/>
                <line number="240" hits="0"/>
                <line number="241" hits="0"/>
                <line number="242" hits="0"/>
                <line number="243" hits="0"/>
                <line number="244" hits="0"/>
                <line number="245" hits="0"/>
                <line number="246" hits="0"/>
                <line number="247" hits="0"/>
                <line number="248" hits="0"/>
                <line number="249" hits="0"/>
                <line number="250" hits="0"/>
                <line number="251" hits="0"/>
                <line number="252" hits="0"/>
                <line number="253" hits="0"/>
                <line number="254" hits="0"/>
                <line number="255" hits="0"/>
                <line number="256" hits="0"/>
                <line number="257" hits="0"/>
                <line number="258" hits="0"/>
                <line number="259" hits="0"/>
                <line number="260" hits="0"/>
                <line number="261" hits="0"/>
                <line number="262" hits="0"/>
                <line number="263" hits="0"/>
                <line number="264" hits="0"/>
                <line number="265" hits="0"/>
                <line number="266" hits="0"/>
                <line number="267" hits="0"/>
                <line number="268" hits="0"/>
                <line number="269" hits="0"/>
                <line number="270" hits="0"/>
                <line number="271" hits="0"/>
                <line number="272" hits="0"/>
                <line number="273" hits="0"/>
                <line number="274" hits="0"/>
                <line number="275" hits="0"/>
                <line number="276" hits="0"/>
                <line number="277" hits="0"/>
                <line number="278" hits="0"/>
                <line number="279" hits="0"/>
                <line number="280" hits="0"/>
                <line number="281" hits="0"/>
                <line number="282" hits="0"/>
                <line number="283" hits="0"/>
                <line number="284" hits="0"/>
                <line number="285" hits="0"/>
                <line number="286" hits="0"/>
                <line number="287" hits="0"/>
                <line number="288" hits="0"/>
                <line number="289" hits="0"/>
                <line number="290" hits="0"/>
                <line number="291" hits="0"/>
                <line number="292" hits="0"/>
                <line number="293" hits="0"/>
                <line number="294" hits="0"/>
                <line number="295" hits="0"/>
                <line number="296" hits="0"/>
                <line number="297" hits="0"/>
                <line number="298" hits="0"/>
                <line number="299" hits="0"/>
                <line number="300" hits="0"/>
                <line number="301" hits="0"/>
                <line number="302" hits="0"/>
                <line number="303" hits="0"/>
                <line number="304" hits="0"/>
                <line number="305" hits="0"/>
                <line number="306" hits="0"/>
                <line number="307" hits="0"/>
                <line number="308" hits="0"/>
                <line number="309" hits="0"/>
                <line number="310" hits="0"/>
                <line number="311" hits="0"/>
                <line number="312" hits="0"/>
                <line number="313" hits="0"/>
                <line number="314" hits="0"/>
                <line number="315" hits="0"/>
                <line number="316" hits="0"/>
                <line number="317" hits="0"/>
                <line number="318" hits="0"/>
                <line number="319" hits="0"/>
                <line number="320" hits="0"/>
                <line number="321" hits="0"/>
                <line number="322" hits="0"/>
                <line number="323" hits="0"/>
                <line number="324" hits="0"/>
                <line number="325" hits="0"/>
            </lines>
        </module>
        <module name="/view/Person.view.js" filename="/view/Person.view.js" line-rate="0" lines-covered="0" lines-valid="39">
            <lines>
                <line number="1" hits="0"/>
                <line number="2" hits="0"/>
                <line number="3" hits="0"/>
                <line number="4" hits="0"/>
                <line number="5" hits="0"/>
                <line number="6" hits="0"/>
                <line number="7" hits="0"/>
                <line number="8" hits="0"/>
                <line number="9" hits="0"/>
                <line number="10" hits="0"/>
                <line number="11" hits="0"/>
                <line number="12" hits="0"/>
                <line number="13" hits="0"/>
                <line number="14" hits="0"/>
                <line number="15" hits="0"/>
                <line number="16" hits="0"/>
                <line number="17" hits="0"/>
                <line number="18" hits="0"/>
                <line number="19" hits="0"/>
                <line number="20" hits="0"/>
                <line number="21" hits="0"/>
                <line number="22" hits="0"/>
                <line number="23" hits="0"/>
                <line number="24" hits="0"/>
                <line number="25" hits="0"/>
                <line number="26" hits="0"/>
                <line number="27" hits="0"/>
                <line number="28" hits="0"/>
                <line number="29" hits="0"/>
                <line number="30" hits="0"/>
                <line number="31" hits="0"/>
                <line number="32" hits="0"/>
                <line number="33" hits="0"/>
                <line number="34" hits="0"/>
                <line number="35" hits="0"/>
                <line number="36" hits="0"/>
                <line number="37" hits="0"/>
                <line number="38" hits="0"/>
                <line number="39" hits="0"/>
            </lines>
        </module>
        <module name="/view/Password.view.js" filename="/view/Password.view.js" line-rate="0" lines-covered="0" lines-valid="93">
            <lines>
                <line number="1" hits="0"/>
                <line number="2" hits="0"/>
                <line number="3" hits="0"/>
                <line number="4" hits="0"/>
                <line number="5" hits="0"/>
                <line number="6" hits="0"/>
                <line number="7" hits="0"/>
                <line number="8" hits="0"/>
                <line number="9" hits="0"/>
                <line number="10" hits="0"/>
                <line number="11" hits="0"/>
                <line number="12" hits="0"/>
                <line number="13" hits="0"/>
                <line number="14" hits="0"/>
                <line number="15" hits="0"/>
                <line number="16" hits="0"/>
                <line number="17" hits="0"/>
                <line number="18" hits="0"/>
                <line number="19" hits="0"/>
                <line number="20" hits="0"/>
                <line number="21" hits="0"/>
                <line number="22" hits="0"/>
                <line number="23" hits="0"/>
                <line number="24" hits="0"/>
                <line number="25" hits="0"/>
                <line number="26" hits="0"/>
                <line number="27" hits="0"/>
                <line number="28" hits="0"/>
                <line number="29" hits="0"/>
                <line number="30" hits="0"/>
                <line number="31" hits="0"/>
                <line number="32" hits="0"/>
                <line number="33" hits="0"/>
                <line number="34" hits="0"/>
                <line number="35" hits="0"/>
                <line number="36" hits="0"/>
                <line number="37" hits="0"/>
                <line number="38" hits="0"/>
                <line number="39" hits="0"/>
                <line number="40" hits="0"/>
                <line number="41" hits="0"/>
                <line number="42" hits="0"/>
                <line number="43" hits="0"/>
                <line number="44" hits="0"/>
                <line number="45" hits="0"/>
                <line number="46" hits="0"/>
                <line number="47" hits="0"/>
                <line number="48" hits="0"/>
                <line number="49" hits="0"/>
                <line number="50" hits="0"/>
                <line number="51" hits="0"/>
                <line number="52" hits="0"/>
                <line number="53" hits="0"/>
                <line number="54" hits="0"/>
                <line number="55" hits="0"/>
                <line number="56" hits="0"/>
                <line number="57" hits="0"/>
                <line number="58" hits="0"/>
                <line number="59" hits="0"/>
                <line number="60" hits="0"/>
                <line number="61" hits="0"/>
                <line number="62" hits="0"/>
                <line number="63" hits="0"/>
                <line number="64" hits="0"/>
                <line number="65" hits="0"/>
                <line number="66" hits="0"/>
                <line number="67" hits="0"/>
                <line number="68" hits="0"/>
                <line number="69" hits="0"/>
                <line number="70" hits="0"/>
                <line number="71" hits="0"/>
                <line number="72" hits="0"/>
                <line number="73" hits="0"/>
                <line number="74" hits="0"/>
                <line number="75" hits="0"/>
                <line number="76" hits="0"/>
                <line number="77" hits="0"/>
                <line number="78" hits="0"/>
                <line number="79" hits="0"/>
                <line number="80" hits="0"/>
                <line number="81" hits="0"/>
                <line number="82" hits="0"/>
                <line number="83" hits="0"/>
                <line number="84" hits="0"/>
                <line number="85" hits="0"/>
                <line number="86" hits="0"/>
                <line number="87" hits="0"/>
                <line number="88" hits="0"/>
                <line number="89" hits="0"/>
                <line number="90" hits="0"/>
                <line number="91" hits="0"/>
                <line number="92" hits="0"/>
                <line number="93" hits="0"/>
            </lines>
        </module>
        <module name="/view/Batch.view.js" filename="/view/Batch.view.js" line-rate="0" lines-covered="0" lines-valid="173">
            <lines>
                <line number="1" hits="0"/>
                <line number="2" hits="0"/>
                <line number="3" hits="0"/>
                <line number="4" hits="0"/>
                <line number="5" hits="0"/>
                <line number="6" hits="0"/>
                <line number="7" hits="0"/>
                <line number="8" hits="0"/>
                <line number="9" hits="0"/>
                <line number="10" hits="0"/>
                <line number="11" hits="0"/>
                <line number="12" hits="0"/>
                <line number="13" hits="0"/>
                <line number="14" hits="0"/>
                <line number="15" hits="0"/>
                <line number="16" hits="0"/>
                <line number="17" hits="0"/>
                <line number="18" hits="0"/>
                <line number="19" hits="0"/>
                <line number="20" hits="0"/>
                <line number="21" hits="0"/>
                <line number="22" hits="0"/>
                <line number="23" hits="0"/>
                <line number="24" hits="0"/>
                <line number="25" hits="0"/>
                <line number="26" hits="0"/>
                <line number="27" hits="0"/>
                <line number="28" hits="0"/>
                <line number="29" hits="0"/>
                <line number="30" hits="0"/>
                <line number="31" hits="0"/>
                <line number="32" hits="0"/>
                <line number="33" hits="0"/>
                <line number="34" hits="0"/>
                <line number="35" hits="0"/>
                <line number="36" hits="0"/>
                <line number="37" hits="0"/>
                <line number="38" hits="0"/>
                <line number="39" hits="0"/>
                <line number="40" hits="0"/>
                <line number="41" hits="0"/>
                <line number="42" hits="0"/>
                <line number="43" hits="0"/>
                <line number="44" hits="0"/>
                <line number="45" hits="0"/>
                <line number="46" hits="0"/>
                <line number="47" hits="0"/>
                <line number="48" hits="0"/>
                <line number="49" hits="0"/>
                <line number="50" hits="0"/>
                <line number="51" hits="0"/>
                <line number="52" hits="0"/>
                <line number="53" hits="0"/>
                <line number="54" hits="0"/>
                <line number="55" hits="0"/>
                <line number="56" hits="0"/>
                <line number="57" hits="0"/>
                <line number="58" hits="0"/>
                <line number="59" hits="0"/>
                <line number="60" hits="0"/>
                <line number="61" hits="0"/>
                <line number="62" hits="0"/>
                <line number="63" hits="0"/>
                <line number="64" hits="0"/>
                <line number="65" hits="0"/>
                <line number="66" hits="0"/>
                <line number="67" hits="0"/>
                <line number="68" hits="0"/>
                <line number="69" hits="0"/>
                <line number="70" hits="0"/>
                <line number="71" hits="0"/>
                <line number="72" hits="0"/>
                <line number="73" hits="0"/>
                <line number="74" hits="0"/>
                <line number="75" hits="0"/>
                <line number="76" hits="0"/>
                <line number="77" hits="0"/>
                <line number="78" hits="0"/>
                <line number="79" hits="0"/>
                <line number="80" hits="0"/>
                <line number="81" hits="0"/>
                <line number="82" hits="0"/>
                <line number="83" hits="0"/>
                <line number="84" hits="0"/>
                <line number="85" hits="0"/>
                <line number="86" hits="0"/>
                <line number="87" hits="0"/>
                <line number="88" hits="0"/>
                <line number="89" hits="0"/>
                <line number="90" hits="0"/>
                <line number="91" hits="0"/>
                <line number="92" hits="0"/>
                <line number="93" hits="0"/>
                <line number="94" hits="0"/>
                <line number="95" hits="0"/>
                <line number="96" hits="0"/>
                <line number="97" hits="0"/>
                <line number="98" hits="0"/>
                <line number="99" hits="0"/>
                <line number="100" hits="0"/>
                <line number="101" hits="0"/>
                <line number="102" hits="0"/>
                <line number="103" hits="0"/>
                <line number="104" hits="0"/>
                <line number="105" hits="0"/>
                <line number="106" hits="0"/>
                <line number="107" hits="0"/>
                <line number="108" hits="0"/>
                <line number="109" hits="0"/>
                <line number="110" hits="0"/>
                <line number="111" hits="0"/>
                <line number="112" hits="0"/>
                <line number="113" hits="0"/>
                <line number="114" hits="0"/>
                <line number="115" hits="0"/>
                <line number="116" hits="0"/>
                <line number="117" hits="0"/>
                <line number="118" hits="0"/>
                <line number="119" hits="0"/>
                <line number="120" hits="0"/>
                <line number="121" hits="0"/>
                <line number="122" hits="0"/>
                <line number="123" hits="0"/>
                <line number="124" hits="0"/>
                <line number="125" hits="0"/>
                <line number="126" hits="0"/>
                <line number="127" hits="0"/>
                <line number="128" hits="0"/>
                <line number="129" hits="0"/>
                <line number="130" hits="0"/>
                <line number="131" hits="0"/>
                <line number="132" hits="0"/>
                <line number="133" hits="0"/>
                <line number="134" hits="0"/>
                <line number="135" hits="0"/>
                <line number="136" hits="0"/>
                <line number="137" hits="0"/>
                <line number="138" hits="0"/>
                <line number="139" hits="0"/>
                <line number="140" hits="0"/>
                <line number="141" hits="0"/>
                <line number="142" hits="0"/>
                <line number="143" hits="0"/>
                <line number="144" hits="0"/>
                <line number="145" hits="0"/>
                <line number="146" hits="0"/>
                <line number="147" hits="0"/>
                <line number="148" hits="0"/>
                <line number="149" hits="0"/>
                <line number="150" hits="0"/>
                <line number="151" hits="0"/>
                <line number="152" hits="0"/>
                <line number="153" hits="0"/>
                <line number="154" hits="0"/>
                <line number="155" hits="0"/>
                <line number="156" hits="0"/>
                <line number="157" hits="0"/>
                <line number="158" hits="0"/>
                <line number="159" hits="0"/>
                <line number="160" hits="0"/>
                <line number="161" hits="0"/>
                <line number="162" hits="0"/>
                <line number="163" hits="0"/>
                <line number="164" hits="0"/>
                <line number="165" hits="0"/>
                <line number="166" hits="0"/>
                <line number="167" hits="0"/>
                <line number="168" hits="0"/>
                <line number="169" hits="0"/>
                <line number="170" hits="0"/>
                <line number="171" hits="0"/>
                <line number="172" hits="0"/>
                <line number="173" hits="0"/>
            </lines>
        </module>
        <module name="/controller/NotFound.controller.js" filename="/controller/NotFound.controller.js" line-rate="0" lines-covered="0" lines-valid="7">
            <lines>
                <line number="1" hits="0"/>
                <line number="2" hits="0"/>
                <line number="3" hits="0"/>
                <line number="4" hits="0"/>
                <line number="5" hits="0"/>
                <line number="6" hits="0"/>
                <line number="7" hits="0"/>
            </lines>
        </module>
        <module name="/view/Home.view.js" filename="/view/Home.view.js" line-rate="0" lines-covered="0" lines-valid="34">
            <lines>
                <line number="1" hits="0"/>
                <line number="2" hits="0"/>
                <line number="3" hits="0"/>
                <line number="4" hits="0"/>
                <line number="5" hits="0"/>
                <line number="6" hits="0"/>
                <line number="7" hits="0"/>
                <line number="8" hits="0"/>
                <line number="9" hits="0"/>
                <line number="10" hits="0"/>
                <line number="11" hits="0"/>
                <line number="12" hits="0"/>
                <line number="13" hits="0"/>
                <line number="14" hits="0"/>
                <line number="15" hits="0"/>
                <line number="16" hits="0"/>
                <line number="17" hits="0"/>
                <line number="18" hits="0"/>
                <line number="19" hits="0"/>
                <line number="20" hits="0"/>
                <line number="21" hits="0"/>
                <line number="22" hits="0"/>
                <line number="23" hits="0"/>
                <line number="24" hits="0"/>
                <line number="25" hits="0"/>
                <line number="26" hits="0"/>
                <line number="27" hits="0"/>
                <line number="28" hits="0"/>
                <line number="29" hits="0"/>
                <line number="30" hits="0"/>
                <line number="31" hits="0"/>
                <line number="32" hits="0"/>
                <line number="33" hits="0"/>
                <line number="34" hits="0"/>
            </lines>
        </module>
        <module name="/view/NoAuth.view.js" filename="/view/NoAuth.view.js" line-rate="0" lines-covered="0" lines-valid="53">
            <lines>
                <line number="1" hits="0"/>
                <line number="2" hits="0"/>
                <line number="3" hits="0"/>
                <line number="4" hits="0"/>
                <line number="5" hits="0"/>
                <line number="6" hits="0"/>
                <line number="7" hits="0"/>
                <line number="8" hits="0"/>
                <line number="9" hits="0"/>
                <line number="10" hits="0"/>
                <line number="11" hits="0"/>
                <line number="12" hits="0"/>
                <line number="13" hits="0"/>
                <line number="14" hits="0"/>
                <line number="15" hits="0"/>
                <line number="16" hits="0"/>
                <line number="17" hits="0"/>
                <line number="18" hits="0"/>
                <line number="19" hits="0"/>
                <line number="20" hits="0"/>
                <line number="21" hits="0"/>
                <line number="22" hits="0"/>
                <line number="23" hits="0"/>
                <line number="24" hits="0"/>
                <line number="25" hits="0"/>
                <line number="26" hits="0"/>
                <line number="27" hits="0"/>
                <line number="28" hits="0"/>
                <line number="29" hits="0"/>
                <line number="30" hits="0"/>
                <line number="31" hits="0"/>
                <line number="32" hits="0"/>
                <line number="33" hits="0"/>
                <line number="34" hits="0"/>
                <line number="35" hits="0"/>
                <line number="36" hits="0"/>
                <line number="37" hits="0"/>
                <line number="38" hits="0"/>
                <line number="39" hits="0"/>
                <line number="40" hits="0"/>
                <line number="41" hits="0"/>
                <line number="42" hits="0"/>
                <line number="43" hits="0"/>
                <line number="44" hits="0"/>
                <line number="45" hits="0"/>
                <line number="46" hits="0"/>
                <line number="47" hits="0"/>
                <line number="48" hits="0"/>
                <line number="49" hits="0"/>
                <line number="50" hits="0"/>
                <line number="51" hits="0"/>
                <line number="52" hits="0"/>
                <line number="53" hits="0"/>
            </lines>
        </module>
        <module name="/controller/Customer.controller.js" filename="/controller/Customer.controller.js" line-rate="0" lines-covered="0" lines-valid="254">
            <lines>
                <line number="1" hits="0"/>
                <line number="2" hits="0"/>
                <line number="3" hits="0"/>
                <line number="4" hits="0"/>
                <line number="5" hits="0"/>
                <line number="6" hits="0"/>
                <line number="7" hits="0"/>
                <line number="8" hits="0"/>
                <line number="9" hits="0"/>
                <line number="10" hits="0"/>
                <line number="11" hits="0"/>
                <line number="12" hits="0"/>
                <line number="13" hits="0"/>
                <line number="14" hits="0"/>
                <line number="15" hits="0"/>
                <line number="16" hits="0"/>
                <line number="17" hits="0"/>
                <line number="18" hits="0"/>
                <line number="19" hits="0"/>
                <line number="20" hits="0"/>
                <line number="21" hits="0"/>
                <line number="22" hits="0"/>
                <line number="23" hits="0"/>
                <line number="24" hits="0"/>
                <line number="25" hits="0"/>
                <line number="26" hits="0"/>
                <line number="27" hits="0"/>
                <line number="28" hits="0"/>
                <line number="29" hits="0"/>
                <line number="30" hits="0"/>
                <line number="31" hits="0"/>
                <line number="32" hits="0"/>
                <line number="33" hits="0"/>
                <line number="34" hits="0"/>
                <line number="35" hits="0"/>
                <line number="36" hits="0"/>
                <line number="37" hits="0"/>
                <line number="38" hits="0"/>
                <line number="39" hits="0"/>
                <line number="40" hits="0"/>
                <line number="41" hits="0"/>
                <line number="42" hits="0"/>
                <line number="43" hits="0"/>
                <line number="44" hits="0"/>
                <line number="45" hits="0"/>
                <line number="46" hits="0"/>
                <line number="47" hits="0"/>
                <line number="48" hits="0"/>
                <line number="49" hits="0"/>
                <line number="50" hits="0"/>
                <line number="51" hits="0"/>
                <line number="52" hits="0"/>
                <line number="53" hits="0"/>
                <line number="54" hits="0"/>
                <line number="55" hits="0"/>
                <line number="56" hits="0"/>
                <line number="57" hits="0"/>
                <line number="58" hits="0"/>
                <line number="59" hits="0"/>
                <line number="60" hits="0"/>
                <line number="61" hits="0"/>
                <line number="62" hits="0"/>
                <line number="63" hits="0"/>
                <line number="64" hits="0"/>
                <line number="65" hits="0"/>
                <line number="66" hits="0"/>
                <line number="67" hits="0"/>
                <line number="68" hits="0"/>
[...]
                <line number="24" hits="0"/>
                <line number="25" hits="0"/>
                <line number="26" hits="0"/>
                <line number="27" hits="0"/>
                <line number="28" hits="0"/>
                <line number="29" hits="0"/>
                <line number="30" hits="0"/>
                <line number="31" hits="0"/>
                <line number="32" hits="0"/>
                <line number="33" hits="0"/>
                <line number="34" hits="0"/>
                <line number="35" hits="0"/>
                <line number="36" hits="0"/>
                <line number="37" hits="0"/>
                <line number="38" hits="0"/>
                <line number="39" hits="0"/>
                <line number="40" hits="0"/>
                <line number="41" hits="0"/>
                <line number="42" hits="0"/>
                <line number="43" hits="0"/>
                <line number="44" hits="0"/>
                <line number="45" hits="0"/>
                <line number="46" hits="0"/>
                <line number="47" hits="0"/>
                <line number="48" hits="0"/>
                <line number="49" hits="0"/>
                <line number="50" hits="0"/>
                <line number="51" hits="0"/>
                <line number="52" hits="0"/>
                <line number="53" hits="0"/>
                <line number="54" hits="0"/>
                <line number="55" hits="0"/>
                <line number="56" hits="0"/>
                <line number="57" hits="0"/>
                <line number="58" hits="0"/>
                <line number="59" hits="0"/>
                <line number="60" hits="0"/>
                <line number="61" hits="0"/>
                <line number="62" hits="0"/>
                <line number="63" hits="0"/>
                <line number="64" hits="0"/>
                <line number="65" hits="0"/>
                <line number="66" hits="0"/>
                <line number="67" hits="0"/>
                <line number="68" hits="0"/>
                <line number="69" hits="0"/>
                <line number="70" hits="0"/>
                <line number="71" hits="0"/>
                <line number="72" hits="0"/>
                <line number="73" hits="0"/>
                <line number="74" hits="0"/>
                <line number="75" hits="0"/>
                <line number="76" hits="0"/>
                <line number="77" hits="0"/>
                <line number="78" hits="0"/>
                <line number="79" hits="0"/>
                <line number="80" hits="0"/>
                <line number="81" hits="0"/>
                <line number="82" hits="0"/>
                <line number="83" hits="0"/>
                <line number="84" hits="0"/>
                <line number="85" hits="0"/>
                <line number="86" hits="0"/>
                <line number="87" hits="0"/>
                <line number="88" hits="0"/>
                <line number="89" hits="0"/>
                <line number="90" hits="0"/>
                <line number="91" hits="0"/>
                <line number="92" hits="0"/>
                <line number="93" hits="0"/>
                <line number="94" hits="0"/>
                <line number="95" hits="0"/>
                <line number="96" hits="0"/>
                <line number="97" hits="0"/>
                <line number="98" hits="0"/>
                <line number="99" hits="0"/>
                <line number="100" hits="0"/>
                <line number="101" hits="0"/>
                <line number="102" hits="0"/>
                <line number="103" hits="0"/>
                <line number="104" hits="0"/>
                <line number="105" hits="0"/>
                <line number="106" hits="0"/>
                <line number="107" hits="0"/>
                <line number="108" hits="0"/>
                <line number="109" hits="0"/>
                <line number="110" hits="0"/>
                <line number="111" hits="0"/>
                <line number="112" hits="0"/>
                <line number="113" hits="0"/>
                <line number="114" hits="0"/>
                <line number="115" hits="0"/>
                <line number="116" hits="0"/>
                <line number="117" hits="0"/>
                <line number="118" hits="0"/>
                <line number="119" hits="0"/>
                <line number="120" hits="0"/>
                <line number="121" hits="0"/>
                <line number="122" hits="0"/>
                <line number="123" hits="0"/>
                <line number="124" hits="0"/>
                <line number="125" hits="0"/>
                <line number="126" hits="0"/>
                <line number="127" hits="0"/>
                <line number="128" hits="0"/>
                <line number="129" hits="0"/>
                <line number="130" hits="0"/>
                <line number="131" hits="0"/>
                <line number="132" hits="0"/>
                <line number="133" hits="0"/>
                <line number="134" hits="0"/>
                <line number="135" hits="0"/>
                <line number="136" hits="0"/>
                <line number="137" hits="0"/>
                <line number="138" hits="0"/>
                <line number="139" hits="0"/>
                <line number="140" hits="0"/>
                <line number="141" hits="0"/>
                <line number="142" hits="0"/>
                <line number="143" hits="0"/>
                <line number="144" hits="0"/>
                <line number="145" hits="0"/>
                <line number="146" hits="0"/>
                <line number="147" hits="0"/>
                <line number="148" hits="0"/>
                <line number="149" hits="0"/>
                <line number="150" hits="0"/>
                <line number="151" hits="0"/>
                <line number="152" hits="0"/>
                <line number="153" hits="0"/>
                <line number="154" hits="0"/>
                <line number="155" hits="0"/>
                <line number="156" hits="0"/>
                <line number="157" hits="0"/>
                <line number="158" hits="0"/>
                <line number="159" hits="0"/>
                <line number="160" hits="0"/>
                <line number="161" hits="0"/>
                <line number="162" hits="0"/>
                <line number="163" hits="0"/>
                <line number="164" hits="0"/>
                <line number="165" hits="0"/>
                <line number="166" hits="0"/>
                <line number="167" hits="0"/>
                <line number="168" hits="0"/>
                <line number="169" hits="0"/>
                <line number="170" hits="0"/>
                <line number="171" hits="0"/>
                <line number="172" hits="0"/>
                <line number="173" hits="0"/>
                <line number="174" hits="0"/>
                <line number="175" hits="0"/>
                <line number="176" hits="0"/>
                <line number="177" hits="0"/>
                <line number="178" hits="0"/>
                <line number="179" hits="0"/>
                <line number="180" hits="0"/>
                <line number="181" hits="0"/>
                <line number="182" hits="0"/>
                <line number="183" hits="0"/>
                <line number="184" hits="0"/>
                <line number="185" hits="0"/>
                <line number="186" hits="0"/>
                <line number="187" hits="0"/>
                <line number="188" hits="0"/>
                <line number="189" hits="0"/>
                <line number="190" hits="0"/>
                <line number="191" hits="0"/>
                <line number="192" hits="0"/>
                <line number="193" hits="0"/>
                <line number="194" hits="0"/>
                <line number="195" hits="0"/>
                <line number="196" hits="0"/>
                <line number="197" hits="0"/>
                <line number="198" hits="0"/>
                <line number="199" hits="0"/>
                <line number="200" hits="0"/>
                <line number="201" hits="0"/>
                <line number="202" hits="0"/>
                <line number="203" hits="0"/>
                <line number="204" hits="0"/>
                <line number="205" hits="0"/>
                <line number="206" hits="0"/>
                <line number="207" hits="0"/>
                <line number="208" hits="0"/>
                <line number="209" hits="0"/>
                <line number="210" hits="0"/>
                <line number="211" hits="0"/>
                <line number="212" hits="0"/>
                <line number="213" hits="0"/>
                <line number="214" hits="0"/>
                <line number="215" hits="0"/>
                <line number="216" hits="0"/>
                <line number="217" hits="0"/>
                <line number="218" hits="0"/>
                <line number="219" hits="0"/>
                <line number="220" hits="0"/>
                <line number="221" hits="0"/>
                <line number="222" hits="0"/>
                <line number="223" hits="0"/>
                <line number="224" hits="0"/>
                <line number="225" hits="0"/>
                <line number="226" hits="0"/>
                <line number="227" hits="0"/>
                <line number="228" hits="0"/>
                <line number="229" hits="0"/>
                <line number="230" hits="0"/>
                <line number="231" hits="0"/>
                <line number="232" hits="0"/>
                <line number="233" hits="0"/>
                <line number="234" hits="0"/>
                <line number="235" hits="0"/>
                <line number="236" hits="0"/>
                <line number="237" hits="0"/>
                <line number="238" hits="0"/>
                <line number="239" hits="0"/>
                <line number="240" hits="0"/>
                <line number="241" hits="0"/>
                <line number="242" hits="0"/>
                <line number="243" hits="0"/>
                <line number="244" hits="0"/>
                <line number="245" hits="0"/>
                <line number="246" hits="0"/>
                <line number="247" hits="0"/>
                <line number="248" hits="0"/>
                <line number="249" hits="0"/>
                <line number="250" hits="0"/>
                <line number="251" hits="0"/>
                <line number="252" hits="0"/>
                <line number="253" hits="0"/>
                <line number="254" hits="0"/>
                <line number="255" hits="0"/>
                <line number="256" hits="0"/>
                <line number="257" hits="0"/>
                <line number="258" hits="0"/>
                <line number="259" hits="0"/>
                <line number="260" hits="0"/>
                <line number="261" hits="0"/>
                <line number="262" hits="0"/>
                <line number="263" hits="0"/>
                <line number="264" hits="0"/>
                <line number="265" hits="0"/>
                <line number="266" hits="0"/>
                <line number="267" hits="0"/>
                <line number="268" hits="0"/>
                <line number="269" hits="0"/>
                <line number="270" hits="0"/>
                <line number="271" hits="0"/>
                <line number="272" hits="0"/>
                <line number="273" hits="0"/>
                <line number="274" hits="0"/>
                <line number="275" hits="0"/>
                <line number="276" hits="0"/>
                <line number="277" hits="0"/>
                <line number="278" hits="0"/>
                <line number="279" hits="0"/>
                <line number="280" hits="0"/>
                <line number="281" hits="0"/>
                <line number="282" hits="0"/>
                <line number="283" hits="0"/>
                <line number="284" hits="0"/>
                <line number="285" hits="0"/>
                <line number="286" hits="0"/>
                <line number="287" hits="0"/>
                <line number="288" hits="0"/>
                <line number="289" hits="0"/>
                <line number="290" hits="0"/>
                <line number="291" hits="0"/>
                <line number="292" hits="0"/>
                <line number="293" hits="0"/>
                <line number="294" hits="0"/>
                <line number="295" hits="0"/>
                <line number="296" hits="0"/>
                <line number="297" hits="0"/>
                <line number="298" hits="0"/>
                <line number="299" hits="0"/>
                <line number="300" hits="0"/>
                <line number="301" hits="0"/>
                <line number="302" hits="0"/>
                <line number="303" hits="0"/>
                <line number="304" hits="0"/>
                <line number="305" hits="0"/>
                <line number="306" hits="0"/>
                <line number="307" hits="0"/>
                <line number="308" hits="0"/>
                <line number="309" hits="0"/>
                <line number="310" hits="0"/>
                <line number="311" hits="0"/>
                <line number="312" hits="0"/>
                <line number="313" hits="0"/>
                <line number="314" hits="0"/>
                <line number="315" hits="0"/>
                <line number="316" hits="0"/>
                <line number="317" hits="0"/>
                <line number="318" hits="0"/>
                <line number="319" hits="0"/>
                <line number="320" hits="0"/>
                <line number="321" hits="0"/>
                <line number="322" hits="0"/>
                <line number="323" hits="0"/>
                <line number="324" hits="0"/>
                <line number="325" hits="0"/>
                <line number="326" hits="0"/>
                <line number="327" hits="0"/>
                <line number="328" hits="0"/>
                <line number="329" hits="0"/>
                <line number="330" hits="0"/>
                <line number="331" hits="0"/>
                <line number="332" hits="0"/>
                <line number="333" hits="0"/>
                <line number="334" hits="0"/>
                <line number="335" hits="0"/>
                <line number="336" hits="0"/>
                <line number="337" hits="0"/>
                <line number="338" hits="0"/>
                <line number="339" hits="0"/>
                <line number="340" hits="0"/>
                <line number="341" hits="0"/>
                <line number="342" hits="0"/>
                <line number="343" hits="0"/>
                <line number="344" hits="0"/>
                <line number="345" hits="0"/>
                <line number="346" hits="0"/>
                <line number="347" hits="0"/>
                <line number="348" hits="0"/>
                <line number="349" hits="0"/>
                <line number="350" hits="0"/>
                <line number="351" hits="0"/>
                <line number="352" hits="0"/>
                <line number="353" hits="0"/>
                <line number="354" hits="0"/>
                <line number="355" hits="0"/>
                <line number="356" hits="0"/>
                <line number="357" hits="0"/>
                <line number="358" hits="0"/>
                <line number="359" hits="0"/>
                <line number="360" hits="0"/>
                <line number="361" hits="0"/>
                <line number="362" hits="0"/>
                <line number="363" hits="0"/>
                <line number="364" hits="0"/>
                <line number="365" hits="0"/>
                <line number="366" hits="0"/>
                <line number="367" hits="0"/>
                <line number="368" hits="0"/>
                <line number="369" hits="0"/>
                <line number="370" hits="0"/>
                <line number="371" hits="0"/>
                <line number="372" hits="0"/>
                <line number="373" hits="0"/>
                <line number="374" hits="0"/>
                <line number="375" hits="0"/>
                <line number="376" hits="0"/>
                <line number="377" hits="0"/>
                <line number="378" hits="0"/>
                <line number="379" hits="0"/>
                <line number="380" hits="0"/>
                <line number="381" hits="0"/>
                <line number="382" hits="0"/>
                <line number="383" hits="0"/>
                <line number="384" hits="0"/>
                <line number="385" hits="0"/>
                <line number="386" hits="0"/>
                <line number="387" hits="0"/>
                <line number="388" hits="0"/>
                <line number="389" hits="0"/>
                <line number="390" hits="0"/>
                <line number="391" hits="0"/>
                <line number="392" hits="0"/>
                <line number="393" hits="0"/>
                <line number="394" hits="0"/>
                <line number="395" hits="0"/>
            </lines>
        </module>
        <module name="/controller/Person.controller.js" filename="/controller/Person.controller.js" line-rate="0" lines-covered="0" lines-valid="59">
            <lines>
                <line number="1" hits="0"/>
                <line number="2" hits="0"/>
                <line number="3" hits="0"/>
                <line number="4" hits="0"/>
                <line number="5" hits="0"/>
                <line number="6" hits="0"/>
                <line number="7" hits="0"/>
                <line number="8" hits="0"/>
                <line number="9" hits="0"/>
                <line number="10" hits="0"/>
                <line number="11" hits="0"/>
                <line number="12" hits="0"/>
                <line number="13" hits="0"/>
                <line number="14" hits="0"/>
                <line number="15" hits="0"/>
                <line number="16" hits="0"/>
                <line number="17" hits="0"/>
                <line number="18" hits="0"/>
                <line number="19" hits="0"/>
                <line number="20" hits="0"/>
                <line number="21" hits="0"/>
                <line number="22" hits="0"/>
                <line number="23" hits="0"/>
                <line number="24" hits="0"/>
                <line number="25" hits="0"/>
                <line number="26" hits="0"/>
                <line number="27" hits="0"/>
                <line number="28" hits="0"/>
                <line number="29" hits="0"/>
                <line number="30" hits="0"/>
                <line number="31" hits="0"/>
                <line number="32" hits="0"/>
                <line number="33" hits="0"/>
                <line number="34" hits="0"/>
                <line number="35" hits="0"/>
                <line number="36" hits="0"/>
                <line number="37" hits="0"/>
                <line number="38" hits="0"/>
                <line number="39" hits="0"/>
                <line number="40" hits="0"/>
                <line number="41" hits="0"/>
                <line number="42" hits="0"/>
                <line number="43" hits="0"/>
                <line number="44" hits="0"/>
                <line number="45" hits="0"/>
                <line number="46" hits="0"/>
                <line number="47" hits="0"/>
                <line number="48" hits="0"/>
                <line number="49" hits="0"/>
                <line number="50" hits="0"/>
                <line number="51" hits="0"/>
                <line number="52" hits="0"/>
                <line number="53" hits="0"/>
                <line number="54" hits="0"/>
                <line number="55" hits="0"/>
                <line number="56" hits="0"/>
                <line number="57" hits="0"/>
                <line number="58" hits="0"/>
                <line number="59" hits="0"/>
            </lines>
        </module>
    </modules>
</coverage>
